#
# A fatal error has been detected by the Java Runtime Environment:
#
#  EXCEPTION_ACCESS_VIOLATION (0xc0000005) at pc=0x00007ffdfb8c0010, pid=15348, tid=26220
#
# JRE version: OpenJDK Runtime Environment Zulu17.32+13-CA (17.0.2+8) (build 17.0.2+8-LTS)
# Java VM: OpenJDK 64-Bit Server VM Zulu17.32+13-CA (17.0.2+8-LTS, mixed mode, sharing, tiered, compressed oops, compressed class ptrs, g1 gc, windows-amd64)
# Problematic frame:
# C  [jfxwebkit.dll+0x580010]
#
# No core dump will be written. Minidumps are not enabled by default on client versions of Windows
#
# If you would like to submit a bug report, please visit:
#   http://www.azul.com/support/
# The crash happened outside the Java Virtual Machine in native code.
# See problematic frame for where to report the bug.
#

---------------  S U M M A R Y ------------

Command Line: --module-path=C:\javafx-sdk-17.0.2\lib --add-modules=javafx.controls,javafx.fxml,javafx.base,javafx.web --module-path=C:\javafx-sdk-17.0.2\lib --add-modules=javafx.controls,javafx.fxml,javafx.base,javafx.web -Dfile.encoding=windows-1251 -Duser.country=RU -Duser.language=ru -Duser.variant ru.robograde.browserjfx.Main

Host: AMD Ryzen 5 5500U with Radeon Graphics         , 12 cores, 7G,  Windows 11 , 64 bit Build 22000 (10.0.22000.434)
Time: Fri Apr  8 21:54:49 2022 RTZ 2 (s 11 , 64 bit Build 22000 (10.0.22000.434) elapsed time: 59.632255 seconds (0d 0h 0m 59s)

---------------  T H R E A D  ---------------

Current thread (0x000001f315ee7850):  JavaThread "JavaFX Application Thread" [_thread_in_native, id=26220, stack(0x0000009a43600000,0x0000009a43700000)]

Stack: [0x0000009a43600000,0x0000009a43700000],  sp=0x0000009a436f7e80,  free space=991k
Native frames: (J=compiled Java code, j=interpreted, Vv=VM code, C=native code)
C  [jfxwebkit.dll+0x580010]

Java frames: (J=compiled Java code, j=interpreted, Vv=VM code)
J 6683  com.sun.webkit.network.URLLoaderBase.twkDidFail(ILjava/lang/String;Ljava/lang/String;J)V javafx.web@17.0.2 (0 bytes) @ 0x000001f307c3ad9b [0x000001f307c3ad20+0x000000000000007b]
J 6594 c1 com.sun.webkit.network.HTTP2Loader.notifyDidFail(ILjava/lang/String;Ljava/lang/String;)V javafx.web@17.0.2 (70 bytes) @ 0x000001f3005cd2a4 [0x000001f3005cbf40+0x0000000000001364]
J 6593 c1 com.sun.webkit.network.HTTP2Loader.lambda$didFail$18(Ljava/lang/Throwable;)V javafx.web@17.0.2 (78 bytes) @ 0x000001f300d489bc [0x000001f300d48660+0x000000000000035c]
J 6446 c1 com.sun.webkit.network.HTTP2Loader$$Lambda$533+0x0000000800f377c0.run()V javafx.web@17.0.2 (12 bytes) @ 0x000001f300a36244 [0x000001f300a361c0+0x0000000000000084]
J 7019 c2 com.sun.webkit.network.HTTP2Loader$$Lambda$450+0x0000000800eb1508.run()V javafx.web@17.0.2 (12 bytes) @ 0x000001f307ebec50 [0x000001f307ebec00+0x0000000000000050]
J 6591 c1 com.sun.webkit.network.HTTP2Loader$$Lambda$255+0x0000000800da5860.apply(Ljava/lang/Object;)Ljava/lang/Object; javafx.web@17.0.2 (12 bytes) @ 0x000001f3006edd2c [0x000001f3006ecf20+0x0000000000000e0c]
j  java.util.concurrent.CompletableFuture.uniExceptionally(Ljava/lang/Object;Ljava/util/function/Function;Ljava/util/concurrent/CompletableFuture$UniExceptionally;)Z+44 java.base@17.0.2
j  java.util.concurrent.CompletableFuture.uniExceptionallyStage(Ljava/util/concurrent/Executor;Ljava/util/function/Function;)Ljava/util/concurrent/CompletableFuture;+54 java.base@17.0.2
J 6725 c1 com.sun.webkit.network.HTTP2Loader$$Lambda$241+0x0000000800d9d4c0.run()Ljava/lang/Object; javafx.web@17.0.2 (16 bytes) @ 0x000001f30065edac [0x000001f30065e660+0x000000000000074c]
J 6530 c1 com.sun.webkit.network.HTTP2Loader.<init>(Lcom/sun/webkit/WebPage;Lcom/sun/webkit/network/ByteBufferPool;ZLjava/lang/String;Ljava/lang/String;Ljava/lang/String;[Lcom/sun/webkit/network/FormDataElement;J)V javafx.web@17.0.2 (172 bytes) @ 0x000001f300e380bc [0x000001f300e36ac0+0x00000000000015fc]
J 6650 c1 com.sun.webkit.network.HTTP2Loader.create(Lcom/sun/webkit/WebPage;Lcom/sun/webkit/network/ByteBufferPool;ZLjava/lang/String;Ljava/lang/String;Ljava/lang/String;[Lcom/sun/webkit/network/FormDataElement;J)Lcom/sun/webkit/network/HTTP2Loader; javafx.web@17.0.2 (40 bytes) @ 0x000001f300e3402c [0x000001f300e33d80+0x00000000000002ac]
J 6380 c1 com.sun.webkit.network.NetworkContext.fwkLoad(Lcom/sun/webkit/WebPage;ZLjava/lang/String;Ljava/lang/String;Ljava/lang/String;[Lcom/sun/webkit/network/FormDataElement;J)Lcom/sun/webkit/network/URLLoaderBase; javafx.web@17.0.2 (243 bytes) @ 0x000001f3009008cc [0x000001f3008ff140+0x000000000000178c]
v  ~StubRoutines::call_stub
J 6687  com.sun.webkit.WebPage.twkOpen(JLjava/lang/String;)V javafx.web@17.0.2 (0 bytes) @ 0x000001f307c3a4f7 [0x000001f307c3a4a0+0x0000000000000057]
J 7033 c2 ru.robograde.browserjfx.MainController.loadPage()V (88 bytes) @ 0x000001f307edcb50 [0x000001f307edbc60+0x0000000000000ef0]
J 6303 c2 com.sun.javafx.binding.ExpressionHelper$Generic.fireValueChangedEvent()V javafx.base@17.0.2 (218 bytes) @ 0x000001f307af8a84 [0x000001f307af8880+0x0000000000000204]
J 6948 c2 javafx.scene.web.WebEngine$LoadWorker.dispatchLoadEvent(JILjava/lang/String;Ljava/lang/String;DI)V javafx.web@17.0.2 (385 bytes) @ 0x000001f307e50d90 [0x000001f307e50820+0x0000000000000570]
J 6933 c2 javafx.scene.web.WebEngine$PageLoadListener.dispatchLoadEvent(JILjava/lang/String;Ljava/lang/String;DI)V javafx.web@17.0.2 (36 bytes) @ 0x000001f307e2b520 [0x000001f307e2b4a0+0x0000000000000080]
J 6962 c2 com.sun.webkit.WebPage.fwkFireLoadEvent(JILjava/lang/String;Ljava/lang/String;DI)V javafx.web@17.0.2 (36 bytes) @ 0x000001f307e61a50 [0x000001f307e60740+0x0000000000001310]
v  ~StubRoutines::call_stub
J 6683  com.sun.webkit.network.URLLoaderBase.twkDidFail(ILjava/lang/String;Ljava/lang/String;J)V javafx.web@17.0.2 (0 bytes) @ 0x000001f307c3ad9b [0x000001f307c3ad20+0x000000000000007b]
J 6594 c1 com.sun.webkit.network.HTTP2Loader.notifyDidFail(ILjava/lang/String;Ljava/lang/String;)V javafx.web@17.0.2 (70 bytes) @ 0x000001f3005cd2a4 [0x000001f3005cbf40+0x0000000000001364]
J 6593 c1 com.sun.webkit.network.HTTP2Loader.lambda$didFail$18(Ljava/lang/Throwable;)V javafx.web@17.0.2 (78 bytes) @ 0x000001f300d489bc [0x000001f300d48660+0x000000000000035c]
J 6446 c1 com.sun.webkit.network.HTTP2Loader$$Lambda$533+0x0000000800f377c0.run()V javafx.web@17.0.2 (12 bytes) @ 0x000001f300a36244 [0x000001f300a361c0+0x0000000000000084]
J 7019 c2 com.sun.webkit.network.HTTP2Loader$$Lambda$450+0x0000000800eb1508.run()V javafx.web@17.0.2 (12 bytes) @ 0x000001f307ebec50 [0x000001f307ebec00+0x0000000000000050]
J 5881 c2 com.sun.javafx.application.PlatformImpl$$Lambda$97+0x0000000800c3ea38.run()V javafx.graphics@17.0.2 (12 bytes) @ 0x000001f307df3f6c [0x000001f307df3ee0+0x000000000000008c]
J 5386 c2 com.sun.glass.ui.InvokeLaterDispatcher$Future.run()V javafx.graphics@17.0.2 (91 bytes) @ 0x000001f307d89108 [0x000001f307d890c0+0x0000000000000048]
v  ~StubRoutines::call_stub
j  com.sun.glass.ui.win.WinApplication._runLoop(Ljava/lang/Runnable;)V+0 javafx.graphics@17.0.2
j  com.sun.glass.ui.win.WinApplication.lambda$runLoop$3(ILjava/lang/Runnable;)V+8 javafx.graphics@17.0.2
j  com.sun.glass.ui.win.WinApplication$$Lambda$86+0x0000000800c2acd0.run()V+12 javafx.graphics@17.0.2
j  java.lang.Thread.run()V+11 java.base@17.0.2
v  ~StubRoutines::call_stub

siginfo: EXCEPTION_ACCESS_VIOLATION (0xc0000005), reading address 0x0000000000000310


Register to memory mapping:

RIP=0x00007ffdfb8c0010 jfxwebkit.dll
RAX=0x0 is NULL
RBX=0x000001f363599f80 points into unknown readable memory: 0x00007ffdfce4adb0 | b0 ad e4 fc fd 7f 00 00
RCX=0x0 is NULL
RDX=0x0 is NULL
RSP=0x0000009a436f7e80 is pointing into the stack for thread: 0x000001f315ee7850
RBP=0x0000009a436f8019 is pointing into the stack for thread: 0x000001f315ee7850
RSI=0x000001f35ec4ef80 points into unknown readable memory: 0x00007ffdfcdd89a0 | a0 89 dd fc fd 7f 00 00
RDI=0x0000009a436f7fa0 is pointing into the stack for thread: 0x000001f315ee7850
R8 =0x0 is NULL
R9 =0x0000009a436f7e30 is pointing into the stack for thread: 0x000001f315ee7850
R10=0x0 is NULL
R11=0x0 is NULL
R12=0x0000009a436f7f90 is pointing into the stack for thread: 0x000001f315ee7850
R13=0x0000009a436f8440 is pointing into the stack for thread: 0x000001f315ee7850
R14=0x0000000000000004 is an unknown value
R15=0x00007ffdfb40a5a0 jfxwebkit.dll


Registers:
RAX=0x0000000000000000, RBX=0x000001f363599f80, RCX=0x0000000000000000, RDX=0x0000000000000000
RSP=0x0000009a436f7e80, RBP=0x0000009a436f8019, RSI=0x000001f35ec4ef80, RDI=0x0000009a436f7fa0
R8 =0x0000000000000000, R9 =0x0000009a436f7e30, R10=0x0000000000000000, R11=0x0000000000000000
R12=0x0000009a436f7f90, R13=0x0000009a436f8440, R14=0x0000000000000004, R15=0x00007ffdfb40a5a0
RIP=0x00007ffdfb8c0010, EFLAGS=0x0000000000010202

Top of Stack: (sp=0x0000009a436f7e80)
0x0000009a436f7e80:   00000000000015e8 000001f35f584eb0
0x0000009a436f7e90:   000001f35ec4ef80 000001f35ec4ef80
0x0000009a436f7ea0:   000001f35f584eb0 00007ffdfb4f2bdc
0x0000009a436f7eb0:   000001f35f584eb0 0000009a436f8019
0x0000009a436f7ec0:   000001f35f584eb0 000001f35f584eb0
0x0000009a436f7ed0:   000001f35f584eb0 0000000800000143
0x0000009a436f7ee0:   000001f363599f80 000093529499fb15
0x0000009a436f7ef0:   0000009a436f7fa0 00007ffdfb4dd326
0x0000009a436f7f00:   0000009a436f80a8 000001f35f584eb0
0x0000009a436f7f10:   000001f35ec4ef80 000001f35f584eb0
0x0000009a436f7f20:   0000009a436f7fa0 00007ffdfb40a5cf
0x0000009a436f7f30:   000001f35ec4ef80 0000000000000000
0x0000009a436f7f40:   000001f363a005e8 0000009a436f8000
0x0000009a436f7f50:   0000000000000000 00007ffdfb40de44
0x0000009a436f7f60:   0000009a436f7f80 0000000000000000
0x0000009a436f7f70:   0000009a436f7f80 000001f315ee7af8 

Instructions: (pc=0x00007ffdfb8c0010)
0x00007ffdfb8bff10:   e9 5b ff ff ff e8 06 d1 aa ff cc cc cc cc cc cc
0x00007ffdfb8bff20:   40 53 48 83 ec 20 80 39 00 48 8b d9 74 4c 48 89
0x00007ffdfb8bff30:   7c 24 30 48 8b 79 08 48 c7 41 08 00 00 00 00 48
0x00007ffdfb8bff40:   85 ff 74 09 8b 07 83 e8 01 74 10 89 07 48 8b 7c
0x00007ffdfb8bff50:   24 30 c6 01 00 48 83 c4 20 5b c3 48 8d 4f 10 e8
0x00007ffdfb8bff60:   5c 21 ab ff 48 8b cf e8 04 07 23 01 48 8b 7c 24
0x00007ffdfb8bff70:   30 c6 03 00 48 83 c4 20 5b c3 c6 01 00 48 83 c4
0x00007ffdfb8bff80:   20 5b c3 cc cc cc cc cc cc cc cc cc cc cc cc cc
0x00007ffdfb8bff90:   48 89 5c 24 08 57 48 83 ec 20 48 8b 99 50 02 00
0x00007ffdfb8bffa0:   00 48 8b f9 48 c7 81 50 02 00 00 00 00 00 00 48
0x00007ffdfb8bffb0:   85 db 74 1c 8b 03 83 e8 01 74 04 89 03 eb 11 48
0x00007ffdfb8bffc0:   8d 4b 10 e8 f8 20 ab ff 48 8b cb e8 a0 06 23 01
0x00007ffdfb8bffd0:   33 d2 48 8b cf e8 46 8e 00 00 48 8b 8f 48 02 00
0x00007ffdfb8bffe0:   00 48 85 c9 74 05 e8 a5 ce c1 ff 48 8b 5c 24 30
0x00007ffdfb8bfff0:   48 83 c4 20 5f c3 cc cc cc cc cc cc cc cc cc cc
0x00007ffdfb8c0000:   40 53 48 83 ec 20 48 8b d9 48 8b 89 48 02 00 00
0x00007ffdfb8c0010:   8b 81 10 03 00 00 89 83 78 02 00 00 48 c7 83 48
0x00007ffdfb8c0020:   02 00 00 00 00 00 00 48 85 c9 74 27 8b 41 10 83
0x00007ffdfb8c0030:   e8 01 74 10 89 41 10 48 8b cb 48 83 c4 20 5b e9
0x00007ffdfb8c0040:   5c 0b 00 00 48 85 c9 74 0a 48 8b 01 ba 01 00 00
0x00007ffdfb8c0050:   00 ff 10 48 8b cb 48 83 c4 20 5b e9 40 0b 00 00
0x00007ffdfb8c0060:   4c 8b dc 55 56 41 56 48 83 ec 50 48 8b 05 b6 c4
0x00007ffdfb8c0070:   62 03 48 33 c4 48 89 44 24 48 48 8b 71 38 4c 8d
0x00007ffdfb8c0080:   71 38 8b ea 48 85 f6 0f 84 4d 01 00 00 48 8b 76
0x00007ffdfb8c0090:   08 49 89 5b 10 49 89 7b 18 4d 89 7b 20 45 33 ff
0x00007ffdfb8c00a0:   41 8b df 48 85 f6 0f 84 90 00 00 00 0f 1f 40 00
0x00007ffdfb8c00b0:   48 8b 3e 48 89 7c 24 38 85 ed 75 48 f6 87 32 03
0x00007ffdfb8c00c0:   00 00 08 74 3f 48 85 db 75 26 8d 4d 18 e8 ae 05
0x00007ffdfb8c00d0:   23 01 48 8b d8 48 85 c0 74 0d 4c 89 38 4c 89 78
0x00007ffdfb8c00e0:   08 4c 89 78 10 eb 09 49 8b df 66 0f 1f 44 00 00
0x00007ffdfb8c00f0:   4c 8d 44 24 38 48 8b cb 48 8d 54 24 20 e8 0e 3c
0x00007ffdfb8c0100:   df ff eb 2b ff 8f 18 03 00 00 48 8b cf e8 8e 0a 


Stack slot to memory mapping:
stack at sp + 0 slots: 0x00000000000015e8 is an unknown value
stack at sp + 1 slots: 0x000001f35f584eb0 points into unknown readable memory: 0x00007ffdfcdfd920 | 20 d9 df fc fd 7f 00 00
stack at sp + 2 slots: 0x000001f35ec4ef80 points into unknown readable memory: 0x00007ffdfcdd89a0 | a0 89 dd fc fd 7f 00 00
stack at sp + 3 slots: 0x000001f35ec4ef80 points into unknown readable memory: 0x00007ffdfcdd89a0 | a0 89 dd fc fd 7f 00 00
stack at sp + 4 slots: 0x000001f35f584eb0 points into unknown readable memory: 0x00007ffdfcdfd920 | 20 d9 df fc fd 7f 00 00
stack at sp + 5 slots: 0x00007ffdfb4f2bdc jfxwebkit.dll
stack at sp + 6 slots: 0x000001f35f584eb0 points into unknown readable memory: 0x00007ffdfcdfd920 | 20 d9 df fc fd 7f 00 00
stack at sp + 7 slots: 0x0000009a436f8019 is pointing into the stack for thread: 0x000001f315ee7850


---------------  P R O C E S S  ---------------

Threads class SMR info:
_java_thread_list=0x000001f3647c7380, length=41, elements={
0x000001f375220d30, 0x000001f37f9e0e00, 0x000001f37f9e1a70, 0x000001f37f9f6420,
0x000001f37f9f7de0, 0x000001f37f9f97a0, 0x000001f37f9fa150, 0x000001f37f9faee0,
0x000001f37f9fd4b0, 0x000001f37fa185c0, 0x000001f37f9c9de0, 0x000001f3158094a0,
0x000001f315ee69e0, 0x000001f315ee7d20, 0x000001f315ee7850, 0x000001f315ee5b70,
0x000001f315ee7380, 0x000001f315ee6eb0, 0x000001f315ee81f0, 0x000001f315ee51d0,
0x000001f315ee86c0, 0x000001f315ee4d00, 0x000001f315ee56a0, 0x000001f315ee6510,
0x000001f35f7a0820, 0x000001f35f7a3370, 0x000001f35f79d800, 0x000001f35f79fe80,
0x000001f35f7a2ea0, 0x000001f35f7a2030, 0x000001f35f79f9b0, 0x000001f35f7a0350,
0x000001f35f7a2500, 0x000001f35f7a0cf0, 0x000001f35f79f4e0, 0x000001f35f79c4c0,
0x000001f35f79e670, 0x000001f35f7a11c0, 0x000001f35f1b3dd0, 0x000001f35f08b030,
0x000001f35f08d8b0
}

Java Threads: ( => current thread )
  0x000001f375220d30 JavaThread "main" [_thread_blocked, id=22672, stack(0x0000009a41d00000,0x0000009a41e00000)]
  0x000001f37f9e0e00 JavaThread "Reference Handler" daemon [_thread_blocked, id=37952, stack(0x0000009a42400000,0x0000009a42500000)]
  0x000001f37f9e1a70 JavaThread "Finalizer" daemon [_thread_blocked, id=19224, stack(0x0000009a42500000,0x0000009a42600000)]
  0x000001f37f9f6420 JavaThread "Signal Dispatcher" daemon [_thread_blocked, id=15608, stack(0x0000009a42600000,0x0000009a42700000)]
  0x000001f37f9f7de0 JavaThread "Attach Listener" daemon [_thread_blocked, id=19608, stack(0x0000009a42700000,0x0000009a42800000)]
  0x000001f37f9f97a0 JavaThread "Service Thread" daemon [_thread_blocked, id=29516, stack(0x0000009a42800000,0x0000009a42900000)]
  0x000001f37f9fa150 JavaThread "Monitor Deflation Thread" daemon [_thread_blocked, id=35788, stack(0x0000009a42900000,0x0000009a42a00000)]
  0x000001f37f9faee0 JavaThread "C2 CompilerThread0" daemon [_thread_blocked, id=35204, stack(0x0000009a42a00000,0x0000009a42b00000)]
  0x000001f37f9fd4b0 JavaThread "C1 CompilerThread0" daemon [_thread_blocked, id=19684, stack(0x0000009a42b00000,0x0000009a42c00000)]
  0x000001f37fa185c0 JavaThread "Sweeper thread" daemon [_thread_blocked, id=35776, stack(0x0000009a42c00000,0x0000009a42d00000)]
  0x000001f37f9c9de0 JavaThread "Common-Cleaner" daemon [_thread_blocked, id=30896, stack(0x0000009a42d00000,0x0000009a42e00000)]
  0x000001f3158094a0 JavaThread "Notification Thread" daemon [_thread_blocked, id=35792, stack(0x0000009a43000000,0x0000009a43100000)]
  0x000001f315ee69e0 JavaThread "QuantumRenderer-0" daemon [_thread_blocked, id=5492, stack(0x0000009a43200000,0x0000009a43300000)]
  0x000001f315ee7d20 JavaThread "InvokeLaterDispatcher" daemon [_thread_blocked, id=41380, stack(0x0000009a43500000,0x0000009a43600000)]
=>0x000001f315ee7850 JavaThread "JavaFX Application Thread" [_thread_in_native, id=26220, stack(0x0000009a43600000,0x0000009a43700000)]
  0x000001f315ee5b70 JavaThread "JavaFX-Launcher" [_thread_blocked, id=21220, stack(0x0000009a44000000,0x0000009a44100000)]
  0x000001f315ee7380 JavaThread "Thread-2" daemon [_thread_in_native, id=23812, stack(0x0000009a43f00000,0x0000009a44000000)]
  0x000001f315ee6eb0 JavaThread "Timer-0" [_thread_blocked, id=16112, stack(0x0000009a44100000,0x0000009a44200000)]
  0x000001f315ee81f0 JavaThread "Prism Font Disposer" daemon [_thread_blocked, id=40948, stack(0x0000009a44200000,0x0000009a44300000)]
  0x000001f315ee51d0 JavaThread "Disposer" daemon [_thread_blocked, id=27412, stack(0x0000009a44400000,0x0000009a44500000)]
  0x000001f315ee86c0 JavaThread "HttpClient-1-SelectorManager" daemon [_thread_in_native, id=17584, stack(0x0000009a45300000,0x0000009a45400000)]
  0x000001f315ee4d00 JavaThread "HttpClient-1-Worker-0" daemon [_thread_blocked, id=7924, stack(0x0000009a45400000,0x0000009a45500000)]
  0x000001f315ee56a0 JavaThread "HttpClient-1-Worker-1" daemon [_thread_blocked, id=7864, stack(0x0000009a45d00000,0x0000009a45e00000)]
  0x000001f315ee6510 JavaThread "ForkJoinPool.commonPool-worker-1" daemon [_thread_blocked, id=16616, stack(0x0000009a42e00000,0x0000009a42f00000)]
  0x000001f35f7a0820 JavaThread "ForkJoinPool.commonPool-worker-2" daemon [_thread_blocked, id=6084, stack(0x0000009a45e00000,0x0000009a45f00000)]
  0x000001f35f7a3370 JavaThread "Thread-4" daemon [_thread_in_native, id=13212, stack(0x0000009a46000000,0x0000009a46100000)]
  0x000001f35f79d800 JavaThread "HttpClient-1-Worker-2" daemon [_thread_blocked, id=25904, stack(0x0000009a46100000,0x0000009a46200000)]
  0x000001f35f79fe80 JavaThread "HttpClient-1-Worker-3" daemon [_thread_blocked, id=15776, stack(0x0000009a46200000,0x0000009a46300000)]
  0x000001f35f7a2ea0 JavaThread "HttpClient-1-Worker-4" daemon [_thread_blocked, id=2496, stack(0x0000009a46300000,0x0000009a46400000)]
  0x000001f35f7a2030 JavaThread "HttpClient-1-Worker-5" daemon [_thread_blocked, id=23516, stack(0x0000009a46500000,0x0000009a46600000)]
  0x000001f35f79f9b0 JavaThread "HttpClient-1-Worker-6" daemon [_thread_blocked, id=31076, stack(0x0000009a46600000,0x0000009a46700000)]
  0x000001f35f7a0350 JavaThread "HttpClient-1-Worker-7" daemon [_thread_blocked, id=7896, stack(0x0000009a46700000,0x0000009a46800000)]
  0x000001f35f7a2500 JavaThread "HttpClient-1-Worker-8" daemon [_thread_blocked, id=40160, stack(0x0000009a46800000,0x0000009a46900000)]
  0x000001f35f7a0cf0 JavaThread "HttpClient-1-Worker-9" daemon [_thread_blocked, id=8920, stack(0x0000009a46900000,0x0000009a46a00000)]
  0x000001f35f79f4e0 JavaThread "HttpClient-1-Worker-10" daemon [_thread_blocked, id=32196, stack(0x0000009a46a00000,0x0000009a46b00000)]
  0x000001f35f79c4c0 JavaThread "HttpClient-1-Worker-11" daemon [_thread_blocked, id=16212, stack(0x0000009a46b00000,0x0000009a46c00000)]
  0x000001f35f79e670 JavaThread "HttpClient-1-Worker-12" daemon [_thread_blocked, id=38492, stack(0x0000009a46c00000,0x0000009a46d00000)]
  0x000001f35f7a11c0 JavaThread "ForkJoinPool.commonPool-worker-3" daemon [_thread_blocked, id=36060, stack(0x0000009a46f00000,0x0000009a47000000)]
  0x000001f35f1b3dd0 JavaThread "Cleaner-0" daemon [_thread_blocked, id=6312, stack(0x0000009a45800000,0x0000009a45900000)]
  0x000001f35f08b030 JavaThread "C2 CompilerThread1" daemon [_thread_blocked, id=30580, stack(0x0000009a47200000,0x0000009a47300000)]
  0x000001f35f08d8b0 JavaThread "C2 CompilerThread2" daemon [_thread_in_native, id=27156, stack(0x0000009a47300000,0x0000009a47400000)]

Other Threads:
  0x000001f37f9db3f0 VMThread "VM Thread" [stack: 0x0000009a42300000,0x0000009a42400000] [id=688]
  0x000001f37527a650 WatcherThread [stack: 0x0000009a43100000,0x0000009a43200000] [id=13104]
  0x000001f37525e360 GCTaskThread "GC Thread#0" [stack: 0x0000009a41e00000,0x0000009a41f00000] [id=37904]
  0x000001f35ec76fe0 GCTaskThread "GC Thread#1" [stack: 0x0000009a44500000,0x0000009a44600000] [id=16596]
  0x000001f35e98de70 GCTaskThread "GC Thread#2" [stack: 0x0000009a44600000,0x0000009a44700000] [id=25792]
  0x000001f316ae6560 GCTaskThread "GC Thread#3" [stack: 0x0000009a44700000,0x0000009a44800000] [id=2332]
  0x000001f35f9df870 GCTaskThread "GC Thread#4" [stack: 0x0000009a44800000,0x0000009a44900000] [id=23708]
  0x000001f35f9dfb20 GCTaskThread "GC Thread#5" [stack: 0x0000009a44900000,0x0000009a44a00000] [id=12308]
  0x000001f316d9d7d0 GCTaskThread "GC Thread#6" [stack: 0x0000009a44a00000,0x0000009a44b00000] [id=23752]
  0x000001f316d9da80 GCTaskThread "GC Thread#7" [stack: 0x0000009a44b00000,0x0000009a44c00000] [id=20300]
  0x000001f35eb47140 GCTaskThread "GC Thread#8" [stack: 0x0000009a44c00000,0x0000009a44d00000] [id=14076]
  0x000001f35eb01040 GCTaskThread "GC Thread#9" [stack: 0x0000009a44d00000,0x0000009a44e00000] [id=11584]
  0x000001f37526e570 ConcurrentGCThread "G1 Main Marker" [stack: 0x0000009a41f00000,0x0000009a42000000] [id=27924]
  0x000001f37526ef80 ConcurrentGCThread "G1 Conc#0" [stack: 0x0000009a42000000,0x0000009a42100000] [id=13228]
  0x000001f35ecd0580 ConcurrentGCThread "G1 Conc#1" [stack: 0x0000009a46d00000,0x0000009a46e00000] [id=11784]
  0x000001f35ecd0830 ConcurrentGCThread "G1 Conc#2" [stack: 0x0000009a46e00000,0x0000009a46f00000] [id=35876]
  0x000001f3752f5c20 ConcurrentGCThread "G1 Refine#0" [stack: 0x0000009a42100000,0x0000009a42200000] [id=24844]
  0x000001f35eb012f0 ConcurrentGCThread "G1 Refine#1" [stack: 0x0000009a44e00000,0x0000009a44f00000] [id=19832]
  0x000001f35eb4f4b0 ConcurrentGCThread "G1 Refine#2" [stack: 0x0000009a44f00000,0x0000009a45000000] [id=37308]
  0x000001f35eb4f790 ConcurrentGCThread "G1 Refine#3" [stack: 0x0000009a45000000,0x0000009a45100000] [id=29904]
  0x000001f316d38c00 ConcurrentGCThread "G1 Refine#4" [stack: 0x0000009a45100000,0x0000009a45200000] [id=12636]
  0x000001f316f7bc40 ConcurrentGCThread "G1 Refine#5" [stack: 0x0000009a45200000,0x0000009a45300000] [id=11252]
  0x000001f3752f6640 ConcurrentGCThread "G1 Service" [stack: 0x0000009a42200000,0x0000009a42300000] [id=12468]

Threads with active compile tasks:
C2 CompilerThread2    59721 7052   !   4       com.sun.webkit.network.HTTP2Loader::<init> (172 bytes)

VM state: not at safepoint (normal execution)

VM Mutex/Monitor currently owned by a thread: None

Heap address: 0x000000008aa00000, size: 1878 MB, Compressed Oops mode: 32-bit

CDS archive(s) mapped at: [0x0000000800000000-0x0000000800bd0000-0x0000000800bd0000), size 12386304, SharedBaseAddress: 0x0000000800000000, ArchiveRelocationMode: 0.
Compressed class space mapped at: 0x0000000800c00000-0x0000000840c00000, reserved size: 1073741824
Narrow klass base: 0x0000000800000000, Narrow klass shift: 0, Narrow klass range: 0x100000000

GC Precious Log:
 CPUs: 12 total, 12 available
 Memory: 7504M
 Large Page Support: Disabled
 NUMA Support: Disabled
 Compressed Oops: Enabled (32-bit)
 Heap Region Size: 1M
 Heap Min Capacity: 8M
 Heap Initial Capacity: 118M
 Heap Max Capacity: 1878M
 Pre-touch: Disabled
 Parallel Workers: 10
 Concurrent Workers: 3
 Concurrent Refinement Workers: 10
 Periodic GC: Disabled

Heap:
 garbage-first heap   total 253952K, used 143141K [0x000000008aa00000, 0x0000000100000000)
  region size 1024K, 127 young (130048K), 1 survivors (1024K)
 Metaspace       used 25505K, committed 25920K, reserved 1073152K
  class space    used 2986K, committed 3136K, reserved 1048576K

Heap Regions: E=young(eden), S=young(survivor), O=old, HS=humongous(starts), HC=humongous(continues), CS=collection set, F=free, OA=open archive, CA=closed archive, TAMS=top-at-mark-start (previous, next)
|   0|0x000000008aa00000, 0x000000008ab00000, 0x000000008ab00000|100%| O|  |TAMS 0x000000008ab00000, 0x000000008ab00000| Untracked 
|   1|0x000000008ab00000, 0x000000008ac00000, 0x000000008ac00000|100%| O|  |TAMS 0x000000008ac00000, 0x000000008ac00000| Untracked 
|   2|0x000000008ac00000, 0x000000008ad00000, 0x000000008ad00000|100%| O|  |TAMS 0x000000008ad00000, 0x000000008ad00000| Untracked 
|   3|0x000000008ad00000, 0x000000008ae00000, 0x000000008ae00000|100%| O|  |TAMS 0x000000008ae00000, 0x000000008ae00000| Untracked 
|   4|0x000000008ae00000, 0x000000008af00000, 0x000000008af00000|100%| O|  |TAMS 0x000000008af00000, 0x000000008af00000| Untracked 
|   5|0x000000008af00000, 0x000000008b000000, 0x000000008b000000|100%| O|  |TAMS 0x000000008b000000, 0x000000008b000000| Untracked 
|   6|0x000000008b000000, 0x000000008b100000, 0x000000008b100000|100%| O|  |TAMS 0x000000008b000000, 0x000000008b100000| Untracked 
|   7|0x000000008b100000, 0x000000008b200000, 0x000000008b200000|100%| O|  |TAMS 0x000000008b200000, 0x000000008b200000| Untracked 
|   8|0x000000008b200000, 0x000000008b300000, 0x000000008b300000|100%| O|  |TAMS 0x000000008b300000, 0x000000008b300000| Untracked 
|   9|0x000000008b300000, 0x000000008b400000, 0x000000008b400000|100%| O|  |TAMS 0x000000008b400000, 0x000000008b400000| Untracked 
|  10|0x000000008b400000, 0x000000008b500000, 0x000000008b500000|100%| O|  |TAMS 0x000000008b500000, 0x000000008b500000| Untracked 
|  11|0x000000008b500000, 0x000000008b600000, 0x000000008b600000|100%| O|  |TAMS 0x000000008b579a00, 0x000000008b600000| Untracked 
|  12|0x000000008b600000, 0x000000008b700000, 0x000000008b700000|100%|HS|  |TAMS 0x000000008b700000, 0x000000008b700000| Complete 
|  13|0x000000008b700000, 0x000000008b800000, 0x000000008b800000|100%|HC|  |TAMS 0x000000008b800000, 0x000000008b800000| Complete 
|  14|0x000000008b800000, 0x000000008b800000, 0x000000008b900000|  0%| F|  |TAMS 0x000000008b800000, 0x000000008b800000| Untracked 
|  15|0x000000008b900000, 0x000000008b900000, 0x000000008ba00000|  0%| F|  |TAMS 0x000000008b900000, 0x000000008b900000| Untracked 
|  16|0x000000008ba00000, 0x000000008ba00000, 0x000000008bb00000|  0%| F|  |TAMS 0x000000008ba00000, 0x000000008ba00000| Untracked 
|  17|0x000000008bb00000, 0x000000008bb00000, 0x000000008bc00000|  0%| F|  |TAMS 0x000000008bb00000, 0x000000008bb00000| Untracked 
|  18|0x000000008bc00000, 0x000000008bc00000, 0x000000008bd00000|  0%| F|  |TAMS 0x000000008bc00000, 0x000000008bc00000| Untracked 
|  19|0x000000008bd00000, 0x000000008bd00000, 0x000000008be00000|  0%| F|  |TAMS 0x000000008bd00000, 0x000000008bd00000| Untracked 
|  20|0x000000008be00000, 0x000000008be00000, 0x000000008bf00000|  0%| F|  |TAMS 0x000000008be00000, 0x000000008be00000| Untracked 
|  21|0x000000008bf00000, 0x000000008bf00000, 0x000000008c000000|  0%| F|  |TAMS 0x000000008bf00000, 0x000000008bf00000| Untracked 
|  22|0x000000008c000000, 0x000000008c000000, 0x000000008c100000|  0%| F|  |TAMS 0x000000008c000000, 0x000000008c000000| Untracked 
|  23|0x000000008c100000, 0x000000008c100000, 0x000000008c200000|  0%| F|  |TAMS 0x000000008c100000, 0x000000008c100000| Untracked 
|  24|0x000000008c200000, 0x000000008c200000, 0x000000008c300000|  0%| F|  |TAMS 0x000000008c200000, 0x000000008c200000| Untracked 
|  25|0x000000008c300000, 0x000000008c300000, 0x000000008c400000|  0%| F|  |TAMS 0x000000008c300000, 0x000000008c300000| Untracked 
|  26|0x000000008c400000, 0x000000008c400000, 0x000000008c500000|  0%| F|  |TAMS 0x000000008c400000, 0x000000008c400000| Untracked 
|  27|0x000000008c500000, 0x000000008c500000, 0x000000008c600000|  0%| F|  |TAMS 0x000000008c500000, 0x000000008c500000| Untracked 
|  28|0x000000008c600000, 0x000000008c600000, 0x000000008c700000|  0%| F|  |TAMS 0x000000008c600000, 0x000000008c600000| Untracked 
|  29|0x000000008c700000, 0x000000008c700000, 0x000000008c800000|  0%| F|  |TAMS 0x000000008c700000, 0x000000008c700000| Untracked 
|  30|0x000000008c800000, 0x000000008c800000, 0x000000008c900000|  0%| F|  |TAMS 0x000000008c800000, 0x000000008c800000| Untracked 
|  31|0x000000008c900000, 0x000000008c900000, 0x000000008ca00000|  0%| F|  |TAMS 0x000000008c900000, 0x000000008c900000| Untracked 
|  32|0x000000008ca00000, 0x000000008ca00000, 0x000000008cb00000|  0%| F|  |TAMS 0x000000008ca00000, 0x000000008ca00000| Untracked 
|  33|0x000000008cb00000, 0x000000008cb00000, 0x000000008cc00000|  0%| F|  |TAMS 0x000000008cb00000, 0x000000008cb00000| Untracked 
|  34|0x000000008cc00000, 0x000000008cc00000, 0x000000008cd00000|  0%| F|  |TAMS 0x000000008cc00000, 0x000000008cc00000| Untracked 
|  35|0x000000008cd00000, 0x000000008cd00000, 0x000000008ce00000|  0%| F|  |TAMS 0x000000008cd00000, 0x000000008cd00000| Untracked 
|  36|0x000000008ce00000, 0x000000008ce00000, 0x000000008cf00000|  0%| F|  |TAMS 0x000000008ce00000, 0x000000008ce00000| Untracked 
|  37|0x000000008cf00000, 0x000000008cf00000, 0x000000008d000000|  0%| F|  |TAMS 0x000000008cf00000, 0x000000008cf00000| Untracked 
|  38|0x000000008d000000, 0x000000008d000000, 0x000000008d100000|  0%| F|  |TAMS 0x000000008d000000, 0x000000008d000000| Untracked 
|  39|0x000000008d100000, 0x000000008d100000, 0x000000008d200000|  0%| F|  |TAMS 0x000000008d100000, 0x000000008d100000| Untracked 
|  40|0x000000008d200000, 0x000000008d200000, 0x000000008d300000|  0%| F|  |TAMS 0x000000008d200000, 0x000000008d200000| Untracked 
|  41|0x000000008d300000, 0x000000008d300000, 0x000000008d400000|  0%| F|  |TAMS 0x000000008d300000, 0x000000008d300000| Untracked 
|  42|0x000000008d400000, 0x000000008d400000, 0x000000008d500000|  0%| F|  |TAMS 0x000000008d400000, 0x000000008d400000| Untracked 
|  43|0x000000008d500000, 0x000000008d500000, 0x000000008d600000|  0%| F|  |TAMS 0x000000008d500000, 0x000000008d500000| Untracked 
|  44|0x000000008d600000, 0x000000008d600000, 0x000000008d700000|  0%| F|  |TAMS 0x000000008d600000, 0x000000008d600000| Untracked 
|  45|0x000000008d700000, 0x000000008d700000, 0x000000008d800000|  0%| F|  |TAMS 0x000000008d700000, 0x000000008d700000| Untracked 
|  46|0x000000008d800000, 0x000000008d800000, 0x000000008d900000|  0%| F|  |TAMS 0x000000008d800000, 0x000000008d800000| Untracked 
|  47|0x000000008d900000, 0x000000008d900000, 0x000000008da00000|  0%| F|  |TAMS 0x000000008d900000, 0x000000008d900000| Untracked 
|  48|0x000000008da00000, 0x000000008da00000, 0x000000008db00000|  0%| F|  |TAMS 0x000000008da00000, 0x000000008da00000| Untracked 
|  49|0x000000008db00000, 0x000000008db00000, 0x000000008dc00000|  0%| F|  |TAMS 0x000000008db00000, 0x000000008db00000| Untracked 
|  50|0x000000008dc00000, 0x000000008dc00000, 0x000000008dd00000|  0%| F|  |TAMS 0x000000008dc00000, 0x000000008dc00000| Untracked 
|  51|0x000000008dd00000, 0x000000008dd00000, 0x000000008de00000|  0%| F|  |TAMS 0x000000008dd00000, 0x000000008dd00000| Untracked 
|  52|0x000000008de00000, 0x000000008de00000, 0x000000008df00000|  0%| F|  |TAMS 0x000000008de00000, 0x000000008de00000| Untracked 
|  53|0x000000008df00000, 0x000000008df00000, 0x000000008e000000|  0%| F|  |TAMS 0x000000008df00000, 0x000000008df00000| Untracked 
|  54|0x000000008e000000, 0x000000008e000000, 0x000000008e100000|  0%| F|  |TAMS 0x000000008e000000, 0x000000008e000000| Untracked 
|  55|0x000000008e100000, 0x000000008e100000, 0x000000008e200000|  0%| F|  |TAMS 0x000000008e100000, 0x000000008e100000| Untracked 
|  56|0x000000008e200000, 0x000000008e200000, 0x000000008e300000|  0%| F|  |TAMS 0x000000008e200000, 0x000000008e200000| Untracked 
|  57|0x000000008e300000, 0x000000008e300000, 0x000000008e400000|  0%| F|  |TAMS 0x000000008e300000, 0x000000008e300000| Untracked 
|  58|0x000000008e400000, 0x000000008e400000, 0x000000008e500000|  0%| F|  |TAMS 0x000000008e400000, 0x000000008e400000| Untracked 
|  59|0x000000008e500000, 0x000000008e500000, 0x000000008e600000|  0%| F|  |TAMS 0x000000008e500000, 0x000000008e500000| Untracked 
|  60|0x000000008e600000, 0x000000008e600000, 0x000000008e700000|  0%| F|  |TAMS 0x000000008e600000, 0x000000008e600000| Untracked 
|  61|0x000000008e700000, 0x000000008e700000, 0x000000008e800000|  0%| F|  |TAMS 0x000000008e700000, 0x000000008e700000| Untracked 
|  62|0x000000008e800000, 0x000000008e800000, 0x000000008e900000|  0%| F|  |TAMS 0x000000008e800000, 0x000000008e800000| Untracked 
|  63|0x000000008e900000, 0x000000008e900000, 0x000000008ea00000|  0%| F|  |TAMS 0x000000008e900000, 0x000000008e900000| Untracked 
|  64|0x000000008ea00000, 0x000000008ea00000, 0x000000008eb00000|  0%| F|  |TAMS 0x000000008ea00000, 0x000000008ea00000| Untracked 
|  65|0x000000008eb00000, 0x000000008eb00000, 0x000000008ec00000|  0%| F|  |TAMS 0x000000008eb00000, 0x000000008eb00000| Untracked 
|  66|0x000000008ec00000, 0x000000008ec00000, 0x000000008ed00000|  0%| F|  |TAMS 0x000000008ec00000, 0x000000008ec00000| Untracked 
|  67|0x000000008ed00000, 0x000000008ed00000, 0x000000008ee00000|  0%| F|  |TAMS 0x000000008ed00000, 0x000000008ed00000| Untracked 
|  68|0x000000008ee00000, 0x000000008ee00000, 0x000000008ef00000|  0%| F|  |TAMS 0x000000008ee00000, 0x000000008ee00000| Untracked 
|  69|0x000000008ef00000, 0x000000008ef00000, 0x000000008f000000|  0%| F|  |TAMS 0x000000008ef00000, 0x000000008ef00000| Untracked 
|  70|0x000000008f000000, 0x000000008f000000, 0x000000008f100000|  0%| F|  |TAMS 0x000000008f000000, 0x000000008f000000| Untracked 
|  71|0x000000008f100000, 0x000000008f100000, 0x000000008f200000|  0%| F|  |TAMS 0x000000008f100000, 0x000000008f100000| Untracked 
|  72|0x000000008f200000, 0x000000008f200000, 0x000000008f300000|  0%| F|  |TAMS 0x000000008f200000, 0x000000008f200000| Untracked 
|  73|0x000000008f300000, 0x000000008f300000, 0x000000008f400000|  0%| F|  |TAMS 0x000000008f300000, 0x000000008f300000| Untracked 
|  74|0x000000008f400000, 0x000000008f400000, 0x000000008f500000|  0%| F|  |TAMS 0x000000008f400000, 0x000000008f400000| Untracked 
|  75|0x000000008f500000, 0x000000008f500000, 0x000000008f600000|  0%| F|  |TAMS 0x000000008f500000, 0x000000008f500000| Untracked 
|  76|0x000000008f600000, 0x000000008f600000, 0x000000008f700000|  0%| F|  |TAMS 0x000000008f600000, 0x000000008f600000| Untracked 
|  77|0x000000008f700000, 0x000000008f700000, 0x000000008f800000|  0%| F|  |TAMS 0x000000008f700000, 0x000000008f700000| Untracked 
|  78|0x000000008f800000, 0x000000008f800000, 0x000000008f900000|  0%| F|  |TAMS 0x000000008f800000, 0x000000008f800000| Untracked 
|  79|0x000000008f900000, 0x000000008f900000, 0x000000008fa00000|  0%| F|  |TAMS 0x000000008f900000, 0x000000008f900000| Untracked 
|  80|0x000000008fa00000, 0x000000008fa00000, 0x000000008fb00000|  0%| F|  |TAMS 0x000000008fa00000, 0x000000008fa00000| Untracked 
|  81|0x000000008fb00000, 0x000000008fb00000, 0x000000008fc00000|  0%| F|  |TAMS 0x000000008fb00000, 0x000000008fb00000| Untracked 
|  82|0x000000008fc00000, 0x000000008fc00000, 0x000000008fd00000|  0%| F|  |TAMS 0x000000008fc00000, 0x000000008fc00000| Untracked 
|  83|0x000000008fd00000, 0x000000008fd00000, 0x000000008fe00000|  0%| F|  |TAMS 0x000000008fd00000, 0x000000008fd00000| Untracked 
|  84|0x000000008fe00000, 0x000000008fe00000, 0x000000008ff00000|  0%| F|  |TAMS 0x000000008fe00000, 0x000000008fe00000| Untracked 
|  85|0x000000008ff00000, 0x000000008ff00000, 0x0000000090000000|  0%| F|  |TAMS 0x000000008ff00000, 0x000000008ff00000| Untracked 
|  86|0x0000000090000000, 0x0000000090000000, 0x0000000090100000|  0%| F|  |TAMS 0x0000000090000000, 0x0000000090000000| Untracked 
|  87|0x0000000090100000, 0x0000000090100000, 0x0000000090200000|  0%| F|  |TAMS 0x0000000090100000, 0x0000000090100000| Untracked 
|  88|0x0000000090200000, 0x0000000090200000, 0x0000000090300000|  0%| F|  |TAMS 0x0000000090200000, 0x0000000090200000| Untracked 
|  89|0x0000000090300000, 0x0000000090300000, 0x0000000090400000|  0%| F|  |TAMS 0x0000000090300000, 0x0000000090300000| Untracked 
|  90|0x0000000090400000, 0x0000000090400000, 0x0000000090500000|  0%| F|  |TAMS 0x0000000090400000, 0x0000000090400000| Untracked 
|  91|0x0000000090500000, 0x0000000090500000, 0x0000000090600000|  0%| F|  |TAMS 0x0000000090500000, 0x0000000090500000| Untracked 
|  92|0x0000000090600000, 0x0000000090600000, 0x0000000090700000|  0%| F|  |TAMS 0x0000000090600000, 0x0000000090600000| Untracked 
|  93|0x0000000090700000, 0x0000000090700000, 0x0000000090800000|  0%| F|  |TAMS 0x0000000090700000, 0x0000000090700000| Untracked 
|  94|0x0000000090800000, 0x0000000090800000, 0x0000000090900000|  0%| F|  |TAMS 0x0000000090800000, 0x0000000090800000| Untracked 
|  95|0x0000000090900000, 0x0000000090900000, 0x0000000090a00000|  0%| F|  |TAMS 0x0000000090900000, 0x0000000090900000| Untracked 
|  96|0x0000000090a00000, 0x0000000090a00000, 0x0000000090b00000|  0%| F|  |TAMS 0x0000000090a00000, 0x0000000090a00000| Untracked 
|  97|0x0000000090b00000, 0x0000000090b00000, 0x0000000090c00000|  0%| F|  |TAMS 0x0000000090b00000, 0x0000000090b00000| Untracked 
|  98|0x0000000090c00000, 0x0000000090c8f9b0, 0x0000000090d00000| 56%| S|CS|TAMS 0x0000000090c00000, 0x0000000090c00000| Complete 
|  99|0x0000000090d00000, 0x0000000090d00000, 0x0000000090e00000|  0%| F|  |TAMS 0x0000000090d00000, 0x0000000090d00000| Untracked 
| 100|0x0000000090e00000, 0x0000000090e00000, 0x0000000090f00000|  0%| F|  |TAMS 0x0000000090e00000, 0x0000000090e00000| Untracked 
| 101|0x0000000090f00000, 0x0000000090f00000, 0x0000000091000000|  0%| F|  |TAMS 0x0000000090f00000, 0x0000000090f00000| Untracked 
| 102|0x0000000091000000, 0x0000000091000000, 0x0000000091100000|  0%| F|  |TAMS 0x0000000091000000, 0x0000000091000000| Untracked 
| 103|0x0000000091100000, 0x0000000091100000, 0x0000000091200000|  0%| F|  |TAMS 0x0000000091100000, 0x0000000091100000| Untracked 
| 104|0x0000000091200000, 0x0000000091200000, 0x0000000091300000|  0%| F|  |TAMS 0x0000000091200000, 0x0000000091200000| Untracked 
| 105|0x0000000091300000, 0x0000000091300000, 0x0000000091400000|  0%| F|  |TAMS 0x0000000091300000, 0x0000000091300000| Untracked 
| 106|0x0000000091400000, 0x0000000091400000, 0x0000000091500000|  0%| F|  |TAMS 0x0000000091400000, 0x0000000091400000| Untracked 
| 107|0x0000000091500000, 0x0000000091500000, 0x0000000091600000|  0%| F|  |TAMS 0x0000000091500000, 0x0000000091500000| Untracked 
| 108|0x0000000091600000, 0x0000000091600000, 0x0000000091700000|  0%| F|  |TAMS 0x0000000091600000, 0x0000000091600000| Untracked 
| 109|0x0000000091700000, 0x0000000091700000, 0x0000000091800000|  0%| F|  |TAMS 0x0000000091700000, 0x0000000091700000| Untracked 
| 110|0x0000000091800000, 0x0000000091839e00, 0x0000000091900000| 22%| O|  |TAMS 0x0000000091800000, 0x0000000091839400| Untracked 
| 111|0x0000000091900000, 0x0000000091900000, 0x0000000091a00000|  0%| F|  |TAMS 0x0000000091900000, 0x0000000091900000| Untracked 
| 112|0x0000000091a00000, 0x0000000091a00000, 0x0000000091b00000|  0%| F|  |TAMS 0x0000000091a00000, 0x0000000091a00000| Untracked 
| 113|0x0000000091b00000, 0x0000000091b00000, 0x0000000091c00000|  0%| F|  |TAMS 0x0000000091b00000, 0x0000000091b00000| Untracked 
| 114|0x0000000091c00000, 0x0000000091c00000, 0x0000000091d00000|  0%| F|  |TAMS 0x0000000091c00000, 0x0000000091c00000| Untracked 
| 115|0x0000000091d00000, 0x0000000091d00000, 0x0000000091e00000|  0%| F|  |TAMS 0x0000000091d00000, 0x0000000091d00000| Untracked 
| 116|0x0000000091e00000, 0x0000000091e00000, 0x0000000091f00000|  0%| F|  |TAMS 0x0000000091e00000, 0x0000000091e00000| Untracked 
| 117|0x0000000091f00000, 0x0000000091f00000, 0x0000000092000000|  0%| F|  |TAMS 0x0000000091f00000, 0x0000000091f00000| Untracked 
| 118|0x0000000092000000, 0x0000000092000000, 0x0000000092100000|  0%| F|  |TAMS 0x0000000092000000, 0x0000000092000000| Untracked 
| 119|0x0000000092100000, 0x0000000092100000, 0x0000000092200000|  0%| F|  |TAMS 0x0000000092100000, 0x0000000092100000| Untracked 
| 120|0x0000000092200000, 0x0000000092200000, 0x0000000092300000|  0%| F|  |TAMS 0x0000000092200000, 0x0000000092200000| Untracked 
| 121|0x0000000092300000, 0x0000000092300000, 0x0000000092400000|  0%| F|  |TAMS 0x0000000092300000, 0x0000000092300000| Untracked 
| 122|0x0000000092400000, 0x000000009246b730, 0x0000000092500000| 41%| E|  |TAMS 0x0000000092400000, 0x0000000092400000| Complete 
| 123|0x0000000092500000, 0x0000000092600000, 0x0000000092600000|100%| E|CS|TAMS 0x0000000092500000, 0x0000000092500000| Complete 
| 124|0x0000000092600000, 0x0000000092700000, 0x0000000092700000|100%| E|CS|TAMS 0x0000000092600000, 0x0000000092600000| Complete 
| 125|0x0000000092700000, 0x0000000092800000, 0x0000000092800000|100%| E|CS|TAMS 0x0000000092700000, 0x0000000092700000| Complete 
| 126|0x0000000092800000, 0x0000000092900000, 0x0000000092900000|100%| E|CS|TAMS 0x0000000092800000, 0x0000000092800000| Complete 
| 127|0x0000000092900000, 0x0000000092a00000, 0x0000000092a00000|100%| E|CS|TAMS 0x0000000092900000, 0x0000000092900000| Complete 
| 128|0x0000000092a00000, 0x0000000092b00000, 0x0000000092b00000|100%| E|CS|TAMS 0x0000000092a00000, 0x0000000092a00000| Complete 
| 129|0x0000000092b00000, 0x0000000092c00000, 0x0000000092c00000|100%| E|CS|TAMS 0x0000000092b00000, 0x0000000092b00000| Complete 
| 130|0x0000000092c00000, 0x0000000092d00000, 0x0000000092d00000|100%| E|CS|TAMS 0x0000000092c00000, 0x0000000092c00000| Complete 
| 131|0x0000000092d00000, 0x0000000092e00000, 0x0000000092e00000|100%| E|CS|TAMS 0x0000000092d00000, 0x0000000092d00000| Complete 
| 132|0x0000000092e00000, 0x0000000092f00000, 0x0000000092f00000|100%| E|CS|TAMS 0x0000000092e00000, 0x0000000092e00000| Complete 
| 133|0x0000000092f00000, 0x0000000093000000, 0x0000000093000000|100%| E|CS|TAMS 0x0000000092f00000, 0x0000000092f00000| Complete 
| 134|0x0000000093000000, 0x0000000093100000, 0x0000000093100000|100%| E|CS|TAMS 0x0000000093000000, 0x0000000093000000| Complete 
| 135|0x0000000093100000, 0x0000000093200000, 0x0000000093200000|100%| E|CS|TAMS 0x0000000093100000, 0x0000000093100000| Complete 
| 136|0x0000000093200000, 0x0000000093300000, 0x0000000093300000|100%| E|CS|TAMS 0x0000000093200000, 0x0000000093200000| Complete 
| 137|0x0000000093300000, 0x0000000093400000, 0x0000000093400000|100%| E|CS|TAMS 0x0000000093300000, 0x0000000093300000| Complete 
| 138|0x0000000093400000, 0x0000000093500000, 0x0000000093500000|100%| E|CS|TAMS 0x0000000093400000, 0x0000000093400000| Complete 
| 139|0x0000000093500000, 0x0000000093600000, 0x0000000093600000|100%| E|CS|TAMS 0x0000000093500000, 0x0000000093500000| Complete 
| 140|0x0000000093600000, 0x0000000093700000, 0x0000000093700000|100%| E|CS|TAMS 0x0000000093600000, 0x0000000093600000| Complete 
| 141|0x0000000093700000, 0x0000000093800000, 0x0000000093800000|100%| E|CS|TAMS 0x0000000093700000, 0x0000000093700000| Complete 
| 142|0x0000000093800000, 0x0000000093900000, 0x0000000093900000|100%| E|CS|TAMS 0x0000000093800000, 0x0000000093800000| Complete 
| 143|0x0000000093900000, 0x0000000093a00000, 0x0000000093a00000|100%| E|CS|TAMS 0x0000000093900000, 0x0000000093900000| Complete 
| 144|0x0000000093a00000, 0x0000000093b00000, 0x0000000093b00000|100%| E|CS|TAMS 0x0000000093a00000, 0x0000000093a00000| Complete 
| 145|0x0000000093b00000, 0x0000000093c00000, 0x0000000093c00000|100%| E|CS|TAMS 0x0000000093b00000, 0x0000000093b00000| Complete 
| 146|0x0000000093c00000, 0x0000000093d00000, 0x0000000093d00000|100%| E|CS|TAMS 0x0000000093c00000, 0x0000000093c00000| Complete 
| 147|0x0000000093d00000, 0x0000000093e00000, 0x0000000093e00000|100%| E|CS|TAMS 0x0000000093d00000, 0x0000000093d00000| Complete 
| 148|0x0000000093e00000, 0x0000000093f00000, 0x0000000093f00000|100%| E|CS|TAMS 0x0000000093e00000, 0x0000000093e00000| Complete 
| 149|0x0000000093f00000, 0x0000000094000000, 0x0000000094000000|100%| E|CS|TAMS 0x0000000093f00000, 0x0000000093f00000| Complete 
| 150|0x0000000094000000, 0x0000000094100000, 0x0000000094100000|100%| E|CS|TAMS 0x0000000094000000, 0x0000000094000000| Complete 
| 151|0x0000000094100000, 0x0000000094200000, 0x0000000094200000|100%| E|CS|TAMS 0x0000000094100000, 0x0000000094100000| Complete 
| 152|0x0000000094200000, 0x0000000094300000, 0x0000000094300000|100%| E|CS|TAMS 0x0000000094200000, 0x0000000094200000| Complete 
| 153|0x0000000094300000, 0x0000000094400000, 0x0000000094400000|100%| E|CS|TAMS 0x0000000094300000, 0x0000000094300000| Complete 
| 154|0x0000000094400000, 0x0000000094500000, 0x0000000094500000|100%| E|CS|TAMS 0x0000000094400000, 0x0000000094400000| Complete 
| 155|0x0000000094500000, 0x0000000094600000, 0x0000000094600000|100%| E|CS|TAMS 0x0000000094500000, 0x0000000094500000| Complete 
| 156|0x0000000094600000, 0x0000000094700000, 0x0000000094700000|100%| E|CS|TAMS 0x0000000094600000, 0x0000000094600000| Complete 
| 157|0x0000000094700000, 0x0000000094800000, 0x0000000094800000|100%| E|CS|TAMS 0x0000000094700000, 0x0000000094700000| Complete 
| 158|0x0000000094800000, 0x0000000094900000, 0x0000000094900000|100%| E|CS|TAMS 0x0000000094800000, 0x0000000094800000| Complete 
| 159|0x0000000094900000, 0x0000000094a00000, 0x0000000094a00000|100%| E|CS|TAMS 0x0000000094900000, 0x0000000094900000| Complete 
| 160|0x0000000094a00000, 0x0000000094b00000, 0x0000000094b00000|100%| E|CS|TAMS 0x0000000094a00000, 0x0000000094a00000| Complete 
| 161|0x0000000094b00000, 0x0000000094c00000, 0x0000000094c00000|100%| E|CS|TAMS 0x0000000094b00000, 0x0000000094b00000| Complete 
| 162|0x0000000094c00000, 0x0000000094d00000, 0x0000000094d00000|100%| E|CS|TAMS 0x0000000094c00000, 0x0000000094c00000| Complete 
| 163|0x0000000094d00000, 0x0000000094e00000, 0x0000000094e00000|100%| E|CS|TAMS 0x0000000094d00000, 0x0000000094d00000| Complete 
| 164|0x0000000094e00000, 0x0000000094f00000, 0x0000000094f00000|100%| E|CS|TAMS 0x0000000094e00000, 0x0000000094e00000| Complete 
| 165|0x0000000094f00000, 0x0000000095000000, 0x0000000095000000|100%| E|CS|TAMS 0x0000000094f00000, 0x0000000094f00000| Complete 
| 166|0x0000000095000000, 0x0000000095100000, 0x0000000095100000|100%| E|CS|TAMS 0x0000000095000000, 0x0000000095000000| Complete 
| 167|0x0000000095100000, 0x0000000095200000, 0x0000000095200000|100%| E|CS|TAMS 0x0000000095100000, 0x0000000095100000| Complete 
| 168|0x0000000095200000, 0x0000000095300000, 0x0000000095300000|100%| E|CS|TAMS 0x0000000095200000, 0x0000000095200000| Complete 
| 169|0x0000000095300000, 0x0000000095400000, 0x0000000095400000|100%| E|CS|TAMS 0x0000000095300000, 0x0000000095300000| Complete 
| 170|0x0000000095400000, 0x0000000095500000, 0x0000000095500000|100%| E|CS|TAMS 0x0000000095400000, 0x0000000095400000| Complete 
| 171|0x0000000095500000, 0x0000000095600000, 0x0000000095600000|100%| E|CS|TAMS 0x0000000095500000, 0x0000000095500000| Complete 
| 172|0x0000000095600000, 0x0000000095700000, 0x0000000095700000|100%| E|CS|TAMS 0x0000000095600000, 0x0000000095600000| Complete 
| 173|0x0000000095700000, 0x0000000095800000, 0x0000000095800000|100%| E|CS|TAMS 0x0000000095700000, 0x0000000095700000| Complete 
| 174|0x0000000095800000, 0x0000000095900000, 0x0000000095900000|100%| E|CS|TAMS 0x0000000095800000, 0x0000000095800000| Complete 
| 175|0x0000000095900000, 0x0000000095a00000, 0x0000000095a00000|100%| E|CS|TAMS 0x0000000095900000, 0x0000000095900000| Complete 
| 176|0x0000000095a00000, 0x0000000095b00000, 0x0000000095b00000|100%| E|CS|TAMS 0x0000000095a00000, 0x0000000095a00000| Complete 
| 177|0x0000000095b00000, 0x0000000095c00000, 0x0000000095c00000|100%| E|CS|TAMS 0x0000000095b00000, 0x0000000095b00000| Complete 
| 178|0x0000000095c00000, 0x0000000095d00000, 0x0000000095d00000|100%| E|CS|TAMS 0x0000000095c00000, 0x0000000095c00000| Complete 
| 179|0x0000000095d00000, 0x0000000095e00000, 0x0000000095e00000|100%| E|CS|TAMS 0x0000000095d00000, 0x0000000095d00000| Complete 
| 180|0x0000000095e00000, 0x0000000095f00000, 0x0000000095f00000|100%| E|CS|TAMS 0x0000000095e00000, 0x0000000095e00000| Complete 
| 181|0x0000000095f00000, 0x0000000096000000, 0x0000000096000000|100%| E|CS|TAMS 0x0000000095f00000, 0x0000000095f00000| Complete 
| 182|0x0000000096000000, 0x0000000096100000, 0x0000000096100000|100%| E|CS|TAMS 0x0000000096000000, 0x0000000096000000| Complete 
| 183|0x0000000096100000, 0x0000000096200000, 0x0000000096200000|100%| E|CS|TAMS 0x0000000096100000, 0x0000000096100000| Complete 
| 184|0x0000000096200000, 0x0000000096300000, 0x0000000096300000|100%| E|CS|TAMS 0x0000000096200000, 0x0000000096200000| Complete 
| 185|0x0000000096300000, 0x0000000096400000, 0x0000000096400000|100%| E|CS|TAMS 0x0000000096300000, 0x0000000096300000| Complete 
| 186|0x0000000096400000, 0x0000000096500000, 0x0000000096500000|100%| E|CS|TAMS 0x0000000096400000, 0x0000000096400000| Complete 
| 187|0x0000000096500000, 0x0000000096600000, 0x0000000096600000|100%| E|CS|TAMS 0x0000000096500000, 0x0000000096500000| Complete 
| 188|0x0000000096600000, 0x0000000096700000, 0x0000000096700000|100%| E|CS|TAMS 0x0000000096600000, 0x0000000096600000| Complete 
| 189|0x0000000096700000, 0x0000000096800000, 0x0000000096800000|100%| E|CS|TAMS 0x0000000096700000, 0x0000000096700000| Complete 
| 190|0x0000000096800000, 0x0000000096900000, 0x0000000096900000|100%| E|CS|TAMS 0x0000000096800000, 0x0000000096800000| Complete 
| 191|0x0000000096900000, 0x0000000096a00000, 0x0000000096a00000|100%| E|CS|TAMS 0x0000000096900000, 0x0000000096900000| Complete 
| 192|0x0000000096a00000, 0x0000000096b00000, 0x0000000096b00000|100%| E|CS|TAMS 0x0000000096a00000, 0x0000000096a00000| Complete 
| 193|0x0000000096b00000, 0x0000000096c00000, 0x0000000096c00000|100%| E|CS|TAMS 0x0000000096b00000, 0x0000000096b00000| Complete 
| 194|0x0000000096c00000, 0x0000000096d00000, 0x0000000096d00000|100%| E|CS|TAMS 0x0000000096c00000, 0x0000000096c00000| Complete 
| 195|0x0000000096d00000, 0x0000000096e00000, 0x0000000096e00000|100%| E|CS|TAMS 0x0000000096d00000, 0x0000000096d00000| Complete 
| 196|0x0000000096e00000, 0x0000000096f00000, 0x0000000096f00000|100%| E|CS|TAMS 0x0000000096e00000, 0x0000000096e00000| Complete 
| 197|0x0000000096f00000, 0x0000000097000000, 0x0000000097000000|100%| E|CS|TAMS 0x0000000096f00000, 0x0000000096f00000| Complete 
| 198|0x0000000097000000, 0x0000000097100000, 0x0000000097100000|100%| E|CS|TAMS 0x0000000097000000, 0x0000000097000000| Complete 
| 199|0x0000000097100000, 0x0000000097200000, 0x0000000097200000|100%| E|CS|TAMS 0x0000000097100000, 0x0000000097100000| Complete 
| 200|0x0000000097200000, 0x0000000097300000, 0x0000000097300000|100%| E|CS|TAMS 0x0000000097200000, 0x0000000097200000| Complete 
| 201|0x0000000097300000, 0x0000000097400000, 0x0000000097400000|100%| E|CS|TAMS 0x0000000097300000, 0x0000000097300000| Complete 
| 202|0x0000000097400000, 0x0000000097500000, 0x0000000097500000|100%| E|CS|TAMS 0x0000000097400000, 0x0000000097400000| Complete 
| 203|0x0000000097500000, 0x0000000097600000, 0x0000000097600000|100%| E|CS|TAMS 0x0000000097500000, 0x0000000097500000| Complete 
| 204|0x0000000097600000, 0x0000000097700000, 0x0000000097700000|100%| E|CS|TAMS 0x0000000097600000, 0x0000000097600000| Complete 
| 205|0x0000000097700000, 0x0000000097800000, 0x0000000097800000|100%| E|CS|TAMS 0x0000000097700000, 0x0000000097700000| Complete 
| 206|0x0000000097800000, 0x0000000097900000, 0x0000000097900000|100%| E|CS|TAMS 0x0000000097800000, 0x0000000097800000| Complete 
| 207|0x0000000097900000, 0x0000000097a00000, 0x0000000097a00000|100%| E|CS|TAMS 0x0000000097900000, 0x0000000097900000| Complete 
| 208|0x0000000097a00000, 0x0000000097b00000, 0x0000000097b00000|100%| E|CS|TAMS 0x0000000097a00000, 0x0000000097a00000| Complete 
| 209|0x0000000097b00000, 0x0000000097c00000, 0x0000000097c00000|100%| E|CS|TAMS 0x0000000097b00000, 0x0000000097b00000| Complete 
| 210|0x0000000097c00000, 0x0000000097d00000, 0x0000000097d00000|100%| E|CS|TAMS 0x0000000097c00000, 0x0000000097c00000| Complete 
| 211|0x0000000097d00000, 0x0000000097e00000, 0x0000000097e00000|100%| E|CS|TAMS 0x0000000097d00000, 0x0000000097d00000| Complete 
| 212|0x0000000097e00000, 0x0000000097f00000, 0x0000000097f00000|100%| E|CS|TAMS 0x0000000097e00000, 0x0000000097e00000| Complete 
| 213|0x0000000097f00000, 0x0000000098000000, 0x0000000098000000|100%| E|CS|TAMS 0x0000000097f00000, 0x0000000097f00000| Complete 
| 214|0x0000000098000000, 0x0000000098100000, 0x0000000098100000|100%| E|CS|TAMS 0x0000000098000000, 0x0000000098000000| Complete 
| 215|0x0000000098100000, 0x0000000098200000, 0x0000000098200000|100%| E|CS|TAMS 0x0000000098100000, 0x0000000098100000| Complete 
| 216|0x0000000098200000, 0x0000000098300000, 0x0000000098300000|100%| E|CS|TAMS 0x0000000098200000, 0x0000000098200000| Complete 
| 217|0x0000000098300000, 0x0000000098400000, 0x0000000098400000|100%| E|CS|TAMS 0x0000000098300000, 0x0000000098300000| Complete 
| 218|0x0000000098400000, 0x0000000098500000, 0x0000000098500000|100%| E|CS|TAMS 0x0000000098400000, 0x0000000098400000| Complete 
| 219|0x0000000098500000, 0x0000000098600000, 0x0000000098600000|100%| E|CS|TAMS 0x0000000098500000, 0x0000000098500000| Complete 
| 220|0x0000000098600000, 0x0000000098700000, 0x0000000098700000|100%| E|CS|TAMS 0x0000000098600000, 0x0000000098600000| Complete 
| 221|0x0000000098700000, 0x0000000098800000, 0x0000000098800000|100%| E|CS|TAMS 0x0000000098700000, 0x0000000098700000| Complete 
| 222|0x0000000098800000, 0x0000000098900000, 0x0000000098900000|100%| E|CS|TAMS 0x0000000098800000, 0x0000000098800000| Complete 
| 223|0x0000000098900000, 0x0000000098a00000, 0x0000000098a00000|100%| E|CS|TAMS 0x0000000098900000, 0x0000000098900000| Complete 
| 224|0x0000000098a00000, 0x0000000098b00000, 0x0000000098b00000|100%| E|CS|TAMS 0x0000000098a00000, 0x0000000098a00000| Complete 
| 225|0x0000000098b00000, 0x0000000098c00000, 0x0000000098c00000|100%| E|CS|TAMS 0x0000000098b00000, 0x0000000098b00000| Complete 
| 226|0x0000000098c00000, 0x0000000098d00000, 0x0000000098d00000|100%| E|CS|TAMS 0x0000000098c00000, 0x0000000098c00000| Complete 
| 227|0x0000000098d00000, 0x0000000098e00000, 0x0000000098e00000|100%| E|CS|TAMS 0x0000000098d00000, 0x0000000098d00000| Complete 
| 228|0x0000000098e00000, 0x0000000098f00000, 0x0000000098f00000|100%| E|CS|TAMS 0x0000000098e00000, 0x0000000098e00000| Complete 
| 229|0x0000000098f00000, 0x0000000099000000, 0x0000000099000000|100%| E|CS|TAMS 0x0000000098f00000, 0x0000000098f00000| Complete 
| 230|0x0000000099000000, 0x0000000099100000, 0x0000000099100000|100%| E|CS|TAMS 0x0000000099000000, 0x0000000099000000| Complete 
| 231|0x0000000099100000, 0x0000000099200000, 0x0000000099200000|100%| E|CS|TAMS 0x0000000099100000, 0x0000000099100000| Complete 
| 232|0x0000000099200000, 0x0000000099300000, 0x0000000099300000|100%| E|CS|TAMS 0x0000000099200000, 0x0000000099200000| Complete 
| 233|0x0000000099300000, 0x0000000099400000, 0x0000000099400000|100%| E|CS|TAMS 0x0000000099300000, 0x0000000099300000| Complete 
| 234|0x0000000099400000, 0x0000000099500000, 0x0000000099500000|100%| E|CS|TAMS 0x0000000099400000, 0x0000000099400000| Complete 
| 235|0x0000000099500000, 0x0000000099600000, 0x0000000099600000|100%| E|CS|TAMS 0x0000000099500000, 0x0000000099500000| Complete 
| 236|0x0000000099600000, 0x0000000099700000, 0x0000000099700000|100%| E|CS|TAMS 0x0000000099600000, 0x0000000099600000| Complete 
| 237|0x0000000099700000, 0x0000000099800000, 0x0000000099800000|100%| E|CS|TAMS 0x0000000099700000, 0x0000000099700000| Complete 
| 238|0x0000000099800000, 0x0000000099900000, 0x0000000099900000|100%| E|CS|TAMS 0x0000000099800000, 0x0000000099800000| Complete 
| 239|0x0000000099900000, 0x0000000099a00000, 0x0000000099a00000|100%| E|CS|TAMS 0x0000000099900000, 0x0000000099900000| Complete 
| 240|0x0000000099a00000, 0x0000000099b00000, 0x0000000099b00000|100%| E|CS|TAMS 0x0000000099a00000, 0x0000000099a00000| Complete 
| 241|0x0000000099b00000, 0x0000000099c00000, 0x0000000099c00000|100%| E|CS|TAMS 0x0000000099b00000, 0x0000000099b00000| Complete 
| 242|0x0000000099c00000, 0x0000000099d00000, 0x0000000099d00000|100%| E|CS|TAMS 0x0000000099c00000, 0x0000000099c00000| Complete 
| 243|0x0000000099d00000, 0x0000000099e00000, 0x0000000099e00000|100%| E|CS|TAMS 0x0000000099d00000, 0x0000000099d00000| Complete 
| 244|0x0000000099e00000, 0x0000000099f00000, 0x0000000099f00000|100%| E|CS|TAMS 0x0000000099e00000, 0x0000000099e00000| Complete 
| 245|0x0000000099f00000, 0x000000009a000000, 0x000000009a000000|100%| E|CS|TAMS 0x0000000099f00000, 0x0000000099f00000| Complete 
| 246|0x000000009a000000, 0x000000009a100000, 0x000000009a100000|100%| E|CS|TAMS 0x000000009a000000, 0x000000009a000000| Complete 
| 247|0x000000009a100000, 0x000000009a200000, 0x000000009a200000|100%| E|CS|TAMS 0x000000009a100000, 0x000000009a100000| Complete 

Card table byte_map: [0x000001f37e680000,0x000001f37ea30000] _byte_map_base: 0x000001f37e22b000

Marking Bits (Prev, Next): (CMBitMap*) 0x000001f37525e970, (CMBitMap*) 0x000001f37525e9b0
 Prev Bits: [0x000001f30f000000, 0x000001f310d58000)
 Next Bits: [0x000001f310d60000, 0x000001f312ab8000)

Polling page: 0x000001f374a00000

Metaspace:

Usage:
  Non-class:     21.99 MB used.
      Class:      2.92 MB used.
       Both:     24.91 MB used.

Virtual space:
  Non-class space:       24.00 MB reserved,      22.25 MB ( 93%) committed,  3 nodes.
      Class space:        1.00 GB reserved,       3.06 MB ( <1%) committed,  1 nodes.
             Both:        1.02 GB reserved,      25.31 MB (  2%) committed. 

Chunk freelists:
   Non-Class:  880.00 KB
       Class:  772.00 KB
        Both:  1.61 MB

MaxMetaspaceSize: unlimited
CompressedClassSpaceSize: 1.00 GB
Initial GC threshold: 21.00 MB
Current GC threshold: 38.88 MB
CDS: on
MetaspaceReclaimPolicy: balanced
 - commit_granule_bytes: 65536.
 - commit_granule_words: 8192.
 - virtual_space_node_default_size: 1048576.
 - enlarge_chunks_in_place: 1.
 - new_chunks_are_fully_committed: 0.
 - uncommit_free_chunks: 1.
 - use_allocation_guard: 0.
 - handle_deallocations: 1.


Internal statistics:

num_allocs_failed_limit: 3.
num_arena_births: 498.
num_arena_deaths: 0.
num_vsnodes_births: 4.
num_vsnodes_deaths: 0.
num_space_committed: 405.
num_space_uncommitted: 0.
num_chunks_returned_to_freelist: 3.
num_chunks_taken_from_freelist: 1228.
num_chunk_merges: 0.
num_chunk_splits: 793.
num_chunks_enlarged: 549.
num_purges: 0.
num_inconsistent_stats: 0.

CodeHeap 'non-profiled nmethods': size=120000Kb used=4273Kb max_used=4273Kb free=115726Kb
 bounds [0x000001f307ad0000, 0x000001f307f00000, 0x000001f30f000000]
CodeHeap 'profiled nmethods': size=120000Kb used=12632Kb max_used=12637Kb free=107367Kb
 bounds [0x000001f3005a0000, 0x000001f301200000, 0x000001f307ad0000]
CodeHeap 'non-nmethods': size=5760Kb used=1525Kb max_used=1606Kb free=4234Kb
 bounds [0x000001f300000000, 0x000001f300270000, 0x000001f3005a0000]
 total_blobs=7026 nmethods=6125 adapters=812
 compilation: enabled
              stopped_count=0, restarted_count=0
 full_count=0

Compilation events (20 events):
Event: 59.418 Thread 0x000001f37f9faee0 nmethod 7046 0x000001f307eda690 code [0x000001f307eda860, 0x000001f307edb1b8]
Event: 59.418 Thread 0x000001f37f9faee0 7047       4       com.sun.webkit.WebPage::fwkFireResourceLoadEvent (123 bytes)
Event: 59.435 Thread 0x000001f35f08b030 nmethod 7033 0x000001f307edb690 code [0x000001f307edbc60, 0x000001f307edff58]
Event: 59.435 Thread 0x000001f35f08b030 7049   !   4       java.util.concurrent.ForkJoinTask::doExec (37 bytes)
Event: 59.437 Thread 0x000001f35f08b030 nmethod 7049 0x000001f307ee3390 code [0x000001f307ee3520, 0x000001f307ee3638]
Event: 59.453 Thread 0x000001f35f08b030 7050   !   4       jdk.internal.net.http.FilterFactory::getFilterChain (82 bytes)
Event: 59.481 Thread 0x000001f35f08d8b0 nmethod 7044 0x000001f307ee3790 code [0x000001f307ee3b80, 0x000001f307ee72c0]
Event: 59.482 Thread 0x000001f35f08d8b0 7051       4       java.net.URI$Parser::scanIPv4Address (225 bytes)
Event: 59.484 Thread 0x000001f35f08d8b0 nmethod 7051 0x000001f307ee9d90 code [0x000001f307ee9f20, 0x000001f307eea188]
Event: 59.493 Thread 0x000001f35f08b030 nmethod 7050 0x000001f307eea510 code [0x000001f307eea740, 0x000001f307eeb7f0]
Event: 59.497 Thread 0x000001f35f08d8b0 7052   !   4       com.sun.webkit.network.HTTP2Loader::<init> (172 bytes)
Event: 59.498 Thread 0x000001f35f08b030 7053       4       com.sun.webkit.network.HTTP2Loader::getRequestHeaders (36 bytes)
Event: 59.545 Thread 0x000001f35f08b030 nmethod 7053 0x000001f307eec790 code [0x000001f307eeca40, 0x000001f307eee178]
Event: 59.546 Thread 0x000001f35f08b030 7054       4       com.sun.webkit.network.HTTP2Loader::getCustomHeaders (106 bytes)
Event: 59.577 Thread 0x000001f35f08b030 nmethod 7054 0x000001f307eef210 code [0x000001f307eef4a0, 0x000001f307ef0a30]
Event: 59.583 Thread 0x000001f35f08b030 7055   !   4       java.util.concurrent.CompletableFuture::uniExceptionally (76 bytes)
Event: 59.605 Thread 0x000001f35f08b030 nmethod 7055 0x000001f307ef1a90 code [0x000001f307ef1d40, 0x000001f307ef2dd0]
Event: 59.605 Thread 0x000001f35f08b030 7056   !   4       java.util.concurrent.CompletableFuture::uniExceptionallyStage (94 bytes)
Event: 59.613 Thread 0x000001f35f08b030 nmethod 7056 0x000001f307ef3b90 code [0x000001f307ef3d20, 0x000001f307ef41f8]
Event: 59.616 Thread 0x000001f37f9faee0 nmethod 7047 0x000001f307ef4410 code [0x000001f307ef47c0, 0x000001f307ef8ec0]

GC Heap History (20 events):
Event: 38.601 GC heap before
{Heap before GC invocations=78 (full 0):
 garbage-first heap   total 253952K, used 114909K [0x000000008aa00000, 0x0000000100000000)
  region size 1024K, 4 young (4096K), 1 survivors (1024K)
 Metaspace       used 24683K, committed 25024K, reserved 1073152K
  class space    used 2972K, committed 3136K, reserved 1048576K
}
Event: 38.602 GC heap after
{Heap after GC invocations=79 (full 0):
 garbage-first heap   total 253952K, used 14563K [0x000000008aa00000, 0x0000000100000000)
  region size 1024K, 1 young (1024K), 1 survivors (1024K)
 Metaspace       used 24683K, committed 25024K, reserved 1073152K
  class space    used 2972K, committed 3136K, reserved 1048576K
}
Event: 38.745 GC heap before
{Heap before GC invocations=79 (full 0):
 garbage-first heap   total 253952K, used 115939K [0x000000008aa00000, 0x0000000100000000)
  region size 1024K, 5 young (5120K), 1 survivors (1024K)
 Metaspace       used 24683K, committed 25024K, reserved 1073152K
  class space    used 2972K, committed 3136K, reserved 1048576K
}
Event: 38.746 GC heap after
{Heap after GC invocations=80 (full 0):
 garbage-first heap   total 253952K, used 14569K [0x000000008aa00000, 0x0000000100000000)
  region size 1024K, 1 young (1024K), 1 survivors (1024K)
 Metaspace       used 24683K, committed 25024K, reserved 1073152K
  class space    used 2972K, committed 3136K, reserved 1048576K
}
Event: 38.841 GC heap before
{Heap before GC invocations=80 (full 0):
 garbage-first heap   total 253952K, used 114921K [0x000000008aa00000, 0x0000000100000000)
  region size 1024K, 4 young (4096K), 1 survivors (1024K)
 Metaspace       used 24711K, committed 25088K, reserved 1073152K
  class space    used 2972K, committed 3136K, reserved 1048576K
}
Event: 38.842 GC heap after
{Heap after GC invocations=81 (full 0):
 garbage-first heap   total 253952K, used 14575K [0x000000008aa00000, 0x0000000100000000)
  region size 1024K, 1 young (1024K), 1 survivors (1024K)
 Metaspace       used 24711K, committed 25088K, reserved 1073152K
  class space    used 2972K, committed 3136K, reserved 1048576K
}
Event: 38.937 GC heap before
{Heap before GC invocations=81 (full 0):
 garbage-first heap   total 253952K, used 114927K [0x000000008aa00000, 0x0000000100000000)
  region size 1024K, 4 young (4096K), 1 survivors (1024K)
 Metaspace       used 24716K, committed 25088K, reserved 1073152K
  class space    used 2972K, committed 3136K, reserved 1048576K
}
Event: 38.938 GC heap after
{Heap after GC invocations=82 (full 0):
 garbage-first heap   total 253952K, used 14591K [0x000000008aa00000, 0x0000000100000000)
  region size 1024K, 1 young (1024K), 1 survivors (1024K)
 Metaspace       used 24716K, committed 25088K, reserved 1073152K
  class space    used 2972K, committed 3136K, reserved 1048576K
}
Event: 39.577 GC heap before
{Heap before GC invocations=82 (full 0):
 garbage-first heap   total 253952K, used 116991K [0x000000008aa00000, 0x0000000100000000)
  region size 1024K, 6 young (6144K), 1 survivors (1024K)
 Metaspace       used 24718K, committed 25088K, reserved 1073152K
  class space    used 2972K, committed 3136K, reserved 1048576K
}
Event: 39.579 GC heap after
{Heap after GC invocations=83 (full 0):
 garbage-first heap   total 253952K, used 14703K [0x000000008aa00000, 0x0000000100000000)
  region size 1024K, 1 young (1024K), 1 survivors (1024K)
 Metaspace       used 24718K, committed 25088K, reserved 1073152K
  class space    used 2972K, committed 3136K, reserved 1048576K
}
Event: 40.522 GC heap before
{Heap before GC invocations=83 (full 0):
 garbage-first heap   total 253952K, used 116079K [0x000000008aa00000, 0x0000000100000000)
  region size 1024K, 5 young (5120K), 1 survivors (1024K)
 Metaspace       used 24723K, committed 25088K, reserved 1073152K
  class space    used 2972K, committed 3136K, reserved 1048576K
}
Event: 40.523 GC heap after
{Heap after GC invocations=84 (full 0):
 garbage-first heap   total 253952K, used 14707K [0x000000008aa00000, 0x0000000100000000)
  region size 1024K, 1 young (1024K), 1 survivors (1024K)
 Metaspace       used 24723K, committed 25088K, reserved 1073152K
  class space    used 2972K, committed 3136K, reserved 1048576K
}
Event: 41.018 GC heap before
{Heap before GC invocations=84 (full 0):
 garbage-first heap   total 253952K, used 115059K [0x000000008aa00000, 0x0000000100000000)
  region size 1024K, 4 young (4096K), 1 survivors (1024K)
 Metaspace       used 24723K, committed 25088K, reserved 1073152K
  class space    used 2972K, committed 3136K, reserved 1048576K
}
Event: 41.019 GC heap after
{Heap after GC invocations=85 (full 0):
 garbage-first heap   total 253952K, used 14715K [0x000000008aa00000, 0x0000000100000000)
  region size 1024K, 1 young (1024K), 1 survivors (1024K)
 Metaspace       used 24723K, committed 25088K, reserved 1073152K
  class space    used 2972K, committed 3136K, reserved 1048576K
}
Event: 41.162 GC heap before
{Heap before GC invocations=85 (full 0):
 garbage-first heap   total 253952K, used 116091K [0x000000008aa00000, 0x0000000100000000)
  region size 1024K, 5 young (5120K), 1 survivors (1024K)
 Metaspace       used 24723K, committed 25088K, reserved 1073152K
  class space    used 2972K, committed 3136K, reserved 1048576K
}
Event: 41.163 GC heap after
{Heap after GC invocations=86 (full 0):
 garbage-first heap   total 253952K, used 14713K [0x000000008aa00000, 0x0000000100000000)
  region size 1024K, 1 young (1024K), 1 survivors (1024K)
 Metaspace       used 24723K, committed 25088K, reserved 1073152K
  class space    used 2972K, committed 3136K, reserved 1048576K
}
Event: 41.354 GC heap before
{Heap before GC invocations=86 (full 0):
 garbage-first heap   total 253952K, used 115065K [0x000000008aa00000, 0x0000000100000000)
  region size 1024K, 4 young (4096K), 1 survivors (1024K)
 Metaspace       used 24723K, committed 25088K, reserved 1073152K
  class space    used 2972K, committed 3136K, reserved 1048576K
}
Event: 41.355 GC heap after
{Heap after GC invocations=87 (full 0):
 garbage-first heap   total 253952K, used 14717K [0x000000008aa00000, 0x0000000100000000)
  region size 1024K, 1 young (1024K), 1 survivors (1024K)
 Metaspace       used 24723K, committed 25088K, reserved 1073152K
  class space    used 2972K, committed 3136K, reserved 1048576K
}
Event: 56.777 GC heap before
{Heap before GC invocations=87 (full 0):
 garbage-first heap   total 253952K, used 238973K [0x000000008aa00000, 0x0000000100000000)
  region size 1024K, 148 young (151552K), 1 survivors (1024K)
 Metaspace       used 25505K, committed 25920K, reserved 1073152K
  class space    used 2986K, committed 3136K, reserved 1048576K
}
Event: 56.779 GC heap after
{Heap after GC invocations=88 (full 0):
 garbage-first heap   total 253952K, used 15141K [0x000000008aa00000, 0x0000000100000000)
  region size 1024K, 1 young (1024K), 1 survivors (1024K)
 Metaspace       used 25505K, committed 25920K, reserved 1073152K
  class space    used 2986K, committed 3136K, reserved 1048576K
}

Deoptimization events (20 events):
Event: 52.950 Thread 0x000001f315ee7850 DEOPT PACKING pc=0x000001f3011db650 sp=0x0000009a436fd4b0
Event: 52.951 Thread 0x000001f315ee7850 DEOPT UNPACKING pc=0x000001f300052b43 sp=0x0000009a436fc958 mode 0
Event: 54.287 Thread 0x000001f35f7a2030 DEOPT PACKING pc=0x000001f3011d66d5 sp=0x0000009a465fddc0
Event: 54.287 Thread 0x000001f35f7a2030 DEOPT UNPACKING pc=0x000001f300052b43 sp=0x0000009a465fd280 mode 0
Event: 54.292 Thread 0x000001f35f7a2030 Uncommon trap: trap_request=0xffffff54 fr.pc=0x000001f307cfd414 relative=0x0000000000000174
Event: 54.292 Thread 0x000001f35f7a2030 Uncommon trap: reason=speculate_null_assert action=make_not_entrant pc=0x000001f307cfd414 method=jdk.internal.net.http.common.Utils.getCompletionCause(Ljava/lang/Throwable;)Ljava/lang/Throwable; @ 25 c2
Event: 54.292 Thread 0x000001f35f7a2030 DEOPT PACKING pc=0x000001f307cfd414 sp=0x0000009a465fe210
Event: 54.292 Thread 0x000001f35f7a2030 DEOPT UNPACKING pc=0x000001f3000523a3 sp=0x0000009a465fe1d0 mode 2
Event: 59.546 Thread 0x000001f315ee7850 Uncommon trap: trap_request=0xffffffcc fr.pc=0x000001f307eedbd0 relative=0x0000000000001190
Event: 59.546 Thread 0x000001f315ee7850 Uncommon trap: reason=intrinsic_or_type_checked_inlining action=make_not_entrant pc=0x000001f307eedbd0 method=java.util.stream.SpinedBuffer.copyInto([Ljava/lang/Object;I)V @ 51 c2
Event: 59.546 Thread 0x000001f315ee7850 DEOPT PACKING pc=0x000001f307eedbd0 sp=0x0000009a436f85c0
Event: 59.546 Thread 0x000001f315ee7850 DEOPT UNPACKING pc=0x000001f3000523a3 sp=0x0000009a436f8338 mode 2
Event: 59.614 Thread 0x000001f315ee7850 Uncommon trap: trap_request=0xffffff45 fr.pc=0x000001f307ef4140 relative=0x0000000000000420
Event: 59.614 Thread 0x000001f315ee7850 Uncommon trap: reason=unstable_if action=reinterpret pc=0x000001f307ef4140 method=java.util.concurrent.CompletableFuture.uniExceptionallyStage(Ljava/util/concurrent/Executor;Ljava/util/function/Function;)Ljava/util/concurrent/CompletableFuture; @ 24 c2
Event: 59.614 Thread 0x000001f315ee7850 DEOPT PACKING pc=0x000001f307ef4140 sp=0x0000009a436f8500
Event: 59.614 Thread 0x000001f315ee7850 DEOPT UNPACKING pc=0x000001f3000523a3 sp=0x0000009a436f84b0 mode 2
Event: 59.614 Thread 0x000001f315ee7850 Uncommon trap: trap_request=0xffffff45 fr.pc=0x000001f307ef2b44 relative=0x0000000000000e04
Event: 59.614 Thread 0x000001f315ee7850 Uncommon trap: reason=unstable_if action=reinterpret pc=0x000001f307ef2b44 method=java.util.concurrent.CompletableFuture.uniExceptionally(Ljava/lang/Object;Ljava/util/function/Function;Ljava/util/concurrent/CompletableFuture$UniExceptionally;)Z @ 8 c2
Event: 59.614 Thread 0x000001f315ee7850 DEOPT PACKING pc=0x000001f307ef2b44 sp=0x0000009a436f8440
Event: 59.614 Thread 0x000001f315ee7850 DEOPT UNPACKING pc=0x000001f3000523a3 sp=0x0000009a436f8420 mode 2

Classes unloaded (0 events):
No events

Classes redefined (0 events):
No events

Internal exceptions (20 events):
Event: 1.365 Thread 0x000001f315ee4d00 Exception <a 'java/lang/NoSuchMethodError'{0x0000000091ffddb8}: 'int java.lang.invoke.DirectMethodHandle$Holder.invokeStaticInit(java.lang.Object, int, int)'> (0x0000000091ffddb8) 
thrown [c:\jenkins\workspace\zulu17-build-win64\zulu-src.git\src\hotspot\share\interpreter\linkResolver.cpp, line 766]
Event: 1.372 Thread 0x000001f315ee4d00 Exception <a 'java/lang/NoSuchMethodError'{0x0000000091e11d78}: 'void java.lang.invoke.DirectMethodHandle$Holder.invokeVirtual(java.lang.Object, java.lang.Object)'> (0x0000000091e11d78) 
thrown [c:\jenkins\workspace\zulu17-build-win64\zulu-src.git\src\hotspot\share\interpreter\linkResolver.cpp, line 766]
Event: 1.532 Thread 0x000001f315ee4d00 Exception <a 'java/lang/NoSuchMethodError'{0x0000000091b0de78}: 'void java.lang.invoke.DirectMethodHandle$Holder.invokeInterface(java.lang.Object, java.lang.Object)'> (0x0000000091b0de78) 
thrown [c:\jenkins\workspace\zulu17-build-win64\zulu-src.git\src\hotspot\share\interpreter\linkResolver.cpp, line 766]
Event: 2.222 Thread 0x000001f315ee7850 Exception <a 'java/lang/NoSuchMethodError'{0x0000000091f7a7e8}: 'java.lang.Object java.lang.invoke.Invokers$Holder.invokeExact_MT(java.lang.Object, java.lang.Object, java.lang.Object, java.lang.Object, java.lang.Object, java.lang.Object)'> (0x0000000091f7a7e8) 
thrown [c:\jenkins\workspace\zulu17-build-win64\zulu-src.git\src\hotspot\share\interpreter\linkResolver.cpp, line 766]
Event: 2.222 Thread 0x000001f315ee4d00 Exception <a 'java/lang/NoSuchMethodError'{0x0000000091649380}: 'java.lang.Object java.lang.invoke.DirectMethodHandle$Holder.newInvokeSpecial(java.lang.Object, java.lang.Object, long, java.lang.Object, java.lang.Object, java.lang.Object)'> (0x0000000091649380) 
thrown [c:\jenkins\workspace\zulu17-build-win64\zulu-src.git\src\hotspot\share\interpreter\linkResolver.cpp, line 766]
Event: 2.222 Thread 0x000001f315ee4d00 Exception <a 'java/lang/NoSuchMethodError'{0x0000000091651230}: 'java.lang.Object java.lang.invoke.Invokers$Holder.linkToTargetMethod(java.lang.Object, long, java.lang.Object, java.lang.Object, java.lang.Object, java.lang.Object)'> (0x0000000091651230) 
thrown [c:\jenkins\workspace\zulu17-build-win64\zulu-src.git\src\hotspot\share\interpreter\linkResolver.cpp, line 766]
Event: 2.225 Thread 0x000001f315ee4d00 Exception <a 'java/lang/NoSuchMethodError'{0x0000000091661d88}: 'void java.lang.invoke.DirectMethodHandle$Holder.invokeSpecial(java.lang.Object, java.lang.Object, java.lang.Object, java.lang.Object, java.lang.Object, java.lang.Object, java.lang.Object)'> (0x0000000091661d88) 
thrown [c:\jenkins\workspace\zulu17-build-win64\zulu-src.git\src\hotspot\share\interpreter\linkResolver.cpp, line 766]
Event: 2.233 Thread 0x000001f35f7a3370 Exception <a 'sun/nio/fs/WindowsException'{0x0000000091337f08}> (0x0000000091337f08) 
thrown [c:\jenkins\workspace\zulu17-build-win64\zulu-src.git\src\hotspot\share\prims\jni.cpp, line 516]
Event: 2.239 Thread 0x000001f315ee7850 Exception <a 'java/lang/NoSuchMethodError'{0x00000000916e53f8}: 'java.lang.Object java.lang.invoke.DirectMethodHandle$Holder.invokeSpecial(java.lang.Object, java.lang.Object, long, long, int, int, java.lang.Object, java.lang.Object, int)'> (0x00000000916e53f8) 
thrown [c:\jenkins\workspace\zulu17-build-win64\zulu-src.git\src\hotspot\share\interpreter\linkResolver.cpp, line 766]
Event: 2.239 Thread 0x000001f315ee7850 Exception <a 'java/lang/NoSuchMethodError'{0x00000000916e90c0}: 'java.lang.Object java.lang.invoke.DelegatingMethodHandle$Holder.reinvoke_L(java.lang.Object, long, long, int, int, java.lang.Object, java.lang.Object, int)'> (0x00000000916e90c0) 
thrown [c:\jenkins\workspace\zulu17-build-win64\zulu-src.git\src\hotspot\share\interpreter\linkResolver.cpp, line 766]
Event: 23.249 Thread 0x000001f315ee86c0 Exception <a 'java/net/ConnectException'{0x0000000090306928}: Connection timed out: no further information> (0x0000000090306928) 
thrown [c:\jenkins\workspace\zulu17-build-win64\zulu-src.git\src\hotspot\share\prims\jni.cpp, line 535]
Event: 23.251 Thread 0x000001f315ee86c0 Implicit null exception at 0x000001f307c2d1b3 to 0x000001f307c2d20c
Event: 23.251 Thread 0x000001f315ee86c0 Implicit null exception at 0x000001f307c3ca30 to 0x000001f307c3ccc4
Event: 23.258 Thread 0x000001f315ee86c0 Exception <a 'java/net/ConnectException'{0x00000000902d2c70}: Connection timed out: no further information> (0x00000000902d2c70) 
thrown [c:\jenkins\workspace\zulu17-build-win64\zulu-src.git\src\hotspot\share\prims\jni.cpp, line 535]
Event: 23.562 Thread 0x000001f315ee69e0 Exception <a 'java/lang/NoSuchMethodError'{0x000000008cfa3a68}: 'java.lang.Object java.lang.invoke.DirectMethodHandle$Holder.invokeStaticInit(java.lang.Object, int)'> (0x000000008cfa3a68) 
thrown [c:\jenkins\workspace\zulu17-build-win64\zulu-src.git\src\hotspot\share\interpreter\linkResolver.cpp, line 766]
Event: 23.933 Thread 0x000001f315ee7850 Exception <a 'java/lang/NoSuchMethodError'{0x0000000091faca00}: 'void java.lang.invoke.DirectMethodHandle$Holder.invokeStaticInit(java.lang.Object, java.lang.Object, java.lang.Object)'> (0x0000000091faca00) 
thrown [c:\jenkins\workspace\zulu17-build-win64\zulu-src.git\src\hotspot\share\interpreter\linkResolver.cpp, line 766]
Event: 24.492 Thread 0x000001f315ee7850 Exception <a 'java/lang/NoSuchMethodError'{0x0000000091f427d8}: 'java.lang.Object java.lang.invoke.DirectMethodHandle$Holder.newInvokeSpecial(java.lang.Object, java.lang.Object, java.lang.Object, double, double, double, double, int, int, int, int, int, int, int, int, int)'> (0x0000000091f427d8) 
thrown [c:\jenkins\workspace\zulu17-build-win64\zulu-src.git\src\hotspot\share\interpreter\linkResolver.cpp, line 766]
Event: 41.418 Thread 0x000001f315ee7850 Exception <a 'java/lang/NoSuchMethodError'{0x000000009a13e830}: 'java.lang.Object java.lang.invoke.Invokers$Holder.linkToTargetMethod(java.lang.Object, long, java.lang.Object, java.lang.Object, java.lang.Object)'> (0x000000009a13e830) 
thrown [c:\jenkins\workspace\zulu17-build-win64\zulu-src.git\src\hotspot\share\interpreter\linkResolver.cpp, line 766]
Event: 52.490 Thread 0x000001f35f7a2030 Exception <a 'java/net/UnknownHostException'{0x0000000099f8ab18}> (0x0000000099f8ab18) 
thrown [c:\jenkins\workspace\zulu17-build-win64\zulu-src.git\src\hotspot\share\prims\jni.cpp, line 516]
Event: 59.614 Thread 0x000001f315ee7850 Implicit null exception at 0x000001f307ef1da2 to 0x000001f307ef2b24

VM Operations (20 events):
Event: 52.602 Executing VM operation: HandshakeAllThreads
Event: 52.602 Executing VM operation: HandshakeAllThreads done
Event: 52.636 Executing VM operation: HandshakeAllThreads
Event: 52.636 Executing VM operation: HandshakeAllThreads done
Event: 53.636 Executing VM operation: Cleanup
Event: 53.636 Executing VM operation: Cleanup done
Event: 54.637 Executing VM operation: Cleanup
Event: 54.637 Executing VM operation: Cleanup done
Event: 55.637 Executing VM operation: Cleanup
Event: 55.637 Executing VM operation: Cleanup done
Event: 56.637 Executing VM operation: Cleanup
Event: 56.637 Executing VM operation: Cleanup done
Event: 56.777 Executing VM operation: G1CollectForAllocation
Event: 56.779 Executing VM operation: G1CollectForAllocation done
Event: 57.780 Executing VM operation: Cleanup
Event: 57.780 Executing VM operation: Cleanup done
Event: 58.821 Executing VM operation: HandshakeAllThreads
Event: 58.821 Executing VM operation: HandshakeAllThreads done
Event: 58.821 Executing VM operation: Cleanup
Event: 58.821 Executing VM operation: Cleanup done

Events (20 events):
Event: 52.647 Thread 0x000001f37fa185c0 flushing nmethod 0x000001f300fad990
Event: 52.647 Thread 0x000001f37fa185c0 flushing nmethod 0x000001f300fc7990
Event: 52.647 Thread 0x000001f37fa185c0 flushing nmethod 0x000001f300ff1c10
Event: 52.647 Thread 0x000001f37fa185c0 flushing nmethod 0x000001f301084c10
Event: 52.648 Thread 0x000001f37fa185c0 flushing nmethod 0x000001f3010a2410
Event: 52.648 Thread 0x000001f37fa185c0 flushing nmethod 0x000001f3010d5790
Event: 52.648 Thread 0x000001f37fa185c0 flushing nmethod 0x000001f301116090
Event: 52.648 Thread 0x000001f37fa185c0 flushing nmethod 0x000001f301127c10
Event: 52.648 Thread 0x000001f37fa185c0 flushing nmethod 0x000001f301129c10
Event: 52.648 Thread 0x000001f37fa185c0 flushing nmethod 0x000001f30112ac10
Event: 52.648 Thread 0x000001f37fa185c0 flushing nmethod 0x000001f30112ca10
Event: 52.648 Thread 0x000001f37fa185c0 flushing nmethod 0x000001f30112d990
Event: 52.648 Thread 0x000001f37fa185c0 flushing nmethod 0x000001f30113b010
Event: 52.964 Thread 0x000001f35f08d8b0 Thread added: 0x000001f35f08d8b0
Event: 55.868 Thread 0x000001f35f08d8b0 Thread exited: 0x000001f35f08d8b0
Event: 57.512 Thread 0x000001f35f08b030 Thread added: 0x000001f35f08b030
Event: 57.512 Thread 0x000001f35f08d8b0 Thread added: 0x000001f35f08d8b0
Event: 58.823 Thread 0x000001f37fa185c0 flushing nmethod 0x000001f30063ea10
Event: 58.824 Thread 0x000001f37fa185c0 flushing nmethod 0x000001f300708110
Event: 58.827 Thread 0x000001f37fa185c0 flushing nmethod 0x000001f300c64f10


Dynamic libraries:
0x00007ff6b3530000 - 0x00007ff6b353e000 	C:\Program Files\Zulu\zulu-17\bin\java.exe
0x00007ffe6b440000 - 0x00007ffe6b649000 	C:\windows\SYSTEM32\ntdll.dll
0x00007ffe69c50000 - 0x00007ffe69d0d000 	C:\windows\System32\KERNEL32.DLL
0x00007ffe68930000 - 0x00007ffe68ca4000 	C:\windows\System32\KERNELBASE.dll
0x00007ffe68cb0000 - 0x00007ffe68dc1000 	C:\windows\System32\ucrtbase.dll
0x00007ffe3ed10000 - 0x00007ffe3ed2b000 	C:\Program Files\Zulu\zulu-17\bin\VCRUNTIME140.dll
0x00007ffe450f0000 - 0x00007ffe45108000 	C:\Program Files\Zulu\zulu-17\bin\jli.dll
0x00007ffe69360000 - 0x00007ffe6950c000 	C:\windows\System32\USER32.dll
0x00007ffe510d0000 - 0x00007ffe51375000 	C:\windows\WinSxS\amd64_microsoft.windows.common-controls_6595b64144ccf1df_6.0.22000.120_none_9d947278b86cc467\COMCTL32.dll
0x00007ffe68e90000 - 0x00007ffe68eb6000 	C:\windows\System32\win32u.dll
0x00007ffe6b350000 - 0x00007ffe6b3f3000 	C:\windows\System32\msvcrt.dll
0x00007ffe69790000 - 0x00007ffe697b9000 	C:\windows\System32\GDI32.dll
0x00007ffe68ec0000 - 0x00007ffe68fd2000 	C:\windows\System32\gdi32full.dll
0x00007ffe69240000 - 0x00007ffe692dd000 	C:\windows\System32\msvcp_win.dll
0x00007ffe69d10000 - 0x00007ffe69d41000 	C:\windows\System32\IMM32.DLL
0x00007ffe65780000 - 0x00007ffe6578c000 	C:\Program Files\Zulu\zulu-17\bin\vcruntime140_1.dll
0x00007ffe39490000 - 0x00007ffe3951d000 	C:\Program Files\Zulu\zulu-17\bin\msvcp140.dll
0x00007ffe18300000 - 0x00007ffe18f60000 	C:\Program Files\Zulu\zulu-17\bin\server\jvm.dll
0x00007ffe6af20000 - 0x00007ffe6afce000 	C:\windows\System32\ADVAPI32.dll
0x00007ffe69a20000 - 0x00007ffe69abe000 	C:\windows\System32\sechost.dll
0x00007ffe69b20000 - 0x00007ffe69c40000 	C:\windows\System32\RPCRT4.dll
0x00007ffe6a850000 - 0x00007ffe6a858000 	C:\windows\System32\PSAPI.DLL
0x00007ffe62720000 - 0x00007ffe62753000 	C:\windows\SYSTEM32\WINMM.dll
0x00007ffe60300000 - 0x00007ffe6030a000 	C:\windows\SYSTEM32\VERSION.dll
0x00007ffe63800000 - 0x00007ffe63809000 	C:\windows\SYSTEM32\WSOCK32.dll
0x00007ffe69e90000 - 0x00007ffe69eff000 	C:\windows\System32\WS2_32.dll
0x00007ffe67aa0000 - 0x00007ffe67ab8000 	C:\windows\SYSTEM32\kernel.appcore.dll
0x00007ffe532d0000 - 0x00007ffe532da000 	C:\Program Files\Zulu\zulu-17\bin\jimage.dll
0x00007ffe55f10000 - 0x00007ffe56131000 	C:\windows\SYSTEM32\DBGHELP.DLL
0x00007ffe514f0000 - 0x00007ffe51521000 	C:\windows\SYSTEM32\dbgcore.DLL
0x00007ffe68fe0000 - 0x00007ffe6905f000 	C:\windows\System32\bcryptPrimitives.dll
0x00007ffe3ece0000 - 0x00007ffe3ed05000 	C:\Program Files\Zulu\zulu-17\bin\java.dll
0x00007ffe1e670000 - 0x00007ffe1e747000 	C:\Program Files\Zulu\zulu-17\bin\jsvml.dll
0x00007ffe6a0a0000 - 0x00007ffe6a84e000 	C:\windows\System32\SHELL32.dll
0x00007ffe66aa0000 - 0x00007ffe67308000 	C:\windows\SYSTEM32\windows.storage.dll
0x00007ffe6afd0000 - 0x00007ffe6b348000 	C:\windows\System32\combase.dll
0x00007ffe66930000 - 0x00007ffe66a96000 	C:\windows\SYSTEM32\wintypes.dll
0x00007ffe69630000 - 0x00007ffe6971a000 	C:\windows\System32\SHCORE.dll
0x00007ffe69ac0000 - 0x00007ffe69b1d000 	C:\windows\System32\shlwapi.dll
0x00007ffe68860000 - 0x00007ffe68881000 	C:\windows\SYSTEM32\profapi.dll
0x00007ffe3e100000 - 0x00007ffe3e119000 	C:\Program Files\Zulu\zulu-17\bin\net.dll
0x00007ffe62fa0000 - 0x00007ffe630ac000 	C:\windows\SYSTEM32\WINHTTP.dll
0x00007ffe67ed0000 - 0x00007ffe67f37000 	C:\windows\system32\mswsock.dll
0x00007ffe3e0e0000 - 0x00007ffe3e0f6000 	C:\Program Files\Zulu\zulu-17\bin\nio.dll
0x00007ffe3e0c0000 - 0x00007ffe3e0d8000 	C:\Program Files\Zulu\zulu-17\bin\zip.dll
0x000001f316fe0000 - 0x000001f316fe4000 	C:\Program Files\Zulu\zulu-17\bin\api-ms-win-core-console-l1-1-0.dll
0x000001f316ff0000 - 0x000001f316ff4000 	C:\Program Files\Zulu\zulu-17\bin\api-ms-win-core-console-l1-2-0.dll
0x000001f317000000 - 0x000001f317004000 	C:\Program Files\Zulu\zulu-17\bin\api-ms-win-core-datetime-l1-1-0.dll
0x000001f317010000 - 0x000001f317014000 	C:\Program Files\Zulu\zulu-17\bin\api-ms-win-core-debug-l1-1-0.dll
0x000001f317020000 - 0x000001f317024000 	C:\Program Files\Zulu\zulu-17\bin\api-ms-win-core-errorhandling-l1-1-0.dll
0x000001f317030000 - 0x000001f317035000 	C:\Program Files\Zulu\zulu-17\bin\api-ms-win-core-file-l1-1-0.dll
0x000001f317040000 - 0x000001f317044000 	C:\Program Files\Zulu\zulu-17\bin\api-ms-win-core-file-l1-2-0.dll
0x000001f317050000 - 0x000001f317054000 	C:\Program Files\Zulu\zulu-17\bin\api-ms-win-core-file-l2-1-0.dll
0x000001f317060000 - 0x000001f317064000 	C:\Program Files\Zulu\zulu-17\bin\api-ms-win-core-handle-l1-1-0.dll
0x000001f317070000 - 0x000001f317074000 	C:\Program Files\Zulu\zulu-17\bin\api-ms-win-core-heap-l1-1-0.dll
0x000001f317080000 - 0x000001f317084000 	C:\Program Files\Zulu\zulu-17\bin\api-ms-win-core-interlocked-l1-1-0.dll
0x000001f317090000 - 0x000001f317094000 	C:\Program Files\Zulu\zulu-17\bin\api-ms-win-core-libraryloader-l1-1-0.dll
0x000001f3170a0000 - 0x000001f3170a4000 	C:\Program Files\Zulu\zulu-17\bin\api-ms-win-core-localization-l1-2-0.dll
0x000001f3170b0000 - 0x000001f3170b4000 	C:\Program Files\Zulu\zulu-17\bin\api-ms-win-core-memory-l1-1-0.dll
0x000001f3170c0000 - 0x000001f3170c4000 	C:\Program Files\Zulu\zulu-17\bin\api-ms-win-core-namedpipe-l1-1-0.dll
0x000001f3170d0000 - 0x000001f3170d4000 	C:\Program Files\Zulu\zulu-17\bin\api-ms-win-core-processenvironment-l1-1-0.dll
0x000001f3170e0000 - 0x000001f3170e4000 	C:\Program Files\Zulu\zulu-17\bin\api-ms-win-core-processthreads-l1-1-0.dll
0x000001f3170f0000 - 0x000001f3170f4000 	C:\Program Files\Zulu\zulu-17\bin\api-ms-win-core-processthreads-l1-1-1.dll
0x000001f317100000 - 0x000001f317104000 	C:\Program Files\Zulu\zulu-17\bin\api-ms-win-core-profile-l1-1-0.dll
0x000001f317110000 - 0x000001f317114000 	C:\Program Files\Zulu\zulu-17\bin\api-ms-win-core-rtlsupport-l1-1-0.dll
0x000001f317120000 - 0x000001f317124000 	C:\Program Files\Zulu\zulu-17\bin\api-ms-win-core-string-l1-1-0.dll
0x000001f317130000 - 0x000001f317134000 	C:\Program Files\Zulu\zulu-17\bin\api-ms-win-core-synch-l1-1-0.dll
0x000001f317140000 - 0x000001f317144000 	C:\Program Files\Zulu\zulu-17\bin\api-ms-win-core-synch-l1-2-0.dll
0x000001f317150000 - 0x000001f317154000 	C:\Program Files\Zulu\zulu-17\bin\api-ms-win-core-sysinfo-l1-1-0.dll
0x000001f317160000 - 0x000001f317164000 	C:\Program Files\Zulu\zulu-17\bin\api-ms-win-core-timezone-l1-1-0.dll
0x000001f317170000 - 0x000001f317174000 	C:\Program Files\Zulu\zulu-17\bin\api-ms-win-core-util-l1-1-0.dll
0x000001f317180000 - 0x000001f317184000 	C:\Program Files\Zulu\zulu-17\bin\api-ms-win-crt-conio-l1-1-0.dll
0x000001f317190000 - 0x000001f317195000 	C:\Program Files\Zulu\zulu-17\bin\api-ms-win-crt-convert-l1-1-0.dll
0x000001f3171a0000 - 0x000001f3171a4000 	C:\Program Files\Zulu\zulu-17\bin\api-ms-win-crt-environment-l1-1-0.dll
0x000001f3172c0000 - 0x000001f3172c4000 	C:\Program Files\Zulu\zulu-17\bin\api-ms-win-crt-filesystem-l1-1-0.dll
0x000001f3171b0000 - 0x000001f3171b4000 	C:\Program Files\Zulu\zulu-17\bin\api-ms-win-crt-heap-l1-1-0.dll
0x000001f3171c0000 - 0x000001f3171c4000 	C:\Program Files\Zulu\zulu-17\bin\api-ms-win-crt-locale-l1-1-0.dll
0x000001f3171d0000 - 0x000001f3171d6000 	C:\Program Files\Zulu\zulu-17\bin\api-ms-win-crt-math-l1-1-0.dll
0x000001f3171e0000 - 0x000001f3171e6000 	C:\Program Files\Zulu\zulu-17\bin\api-ms-win-crt-multibyte-l1-1-0.dll
0x000001f3171f0000 - 0x000001f317201000 	C:\Program Files\Zulu\zulu-17\bin\api-ms-win-crt-private-l1-1-0.dll
0x000001f317210000 - 0x000001f317214000 	C:\Program Files\Zulu\zulu-17\bin\api-ms-win-crt-process-l1-1-0.dll
0x000001f317220000 - 0x000001f317225000 	C:\Program Files\Zulu\zulu-17\bin\api-ms-win-crt-runtime-l1-1-0.dll
0x000001f317230000 - 0x000001f317235000 	C:\Program Files\Zulu\zulu-17\bin\api-ms-win-crt-stdio-l1-1-0.dll
0x000001f317240000 - 0x000001f317245000 	C:\Program Files\Zulu\zulu-17\bin\api-ms-win-crt-string-l1-1-0.dll
0x000001f317250000 - 0x000001f317254000 	C:\Program Files\Zulu\zulu-17\bin\api-ms-win-crt-time-l1-1-0.dll
0x000001f317260000 - 0x000001f317264000 	C:\Program Files\Zulu\zulu-17\bin\api-ms-win-crt-utility-l1-1-0.dll
0x00007ffe4b750000 - 0x00007ffe4b860000 	C:\Program Files\Zulu\zulu-17\bin\ucrtbase.dll
0x00007ffe650e0000 - 0x00007ffe6510a000 	C:\Program Files\Zulu\zulu-17\bin\prism_d3d.dll
0x00007ffe29d60000 - 0x00007ffe29f06000 	C:\windows\system32\d3d9.dll
0x00007ffe662c0000 - 0x00007ffe662ef000 	C:\windows\SYSTEM32\dwmapi.dll
0x00007ffe66130000 - 0x00007ffe66168000 	C:\windows\SYSTEM32\dxcore.dll
0x00007ffe66020000 - 0x00007ffe660cc000 	C:\windows\system32\uxtheme.dll
0x00007ffe5e3b0000 - 0x00007ffe5e58b000 	C:\windows\System32\DriverStore\FileRepository\u0369631.inf_amd64_88e1f90c6b221b8e\B369439\aticfx64.dll
0x00007ffe4c600000 - 0x00007ffe4c633000 	C:\windows\System32\DriverStore\FileRepository\u0369631.inf_amd64_88e1f90c6b221b8e\B369439\atiu9p64.dll
0x00007ffe29000000 - 0x00007ffe29d5a000 	C:\windows\System32\DriverStore\FileRepository\u0369631.inf_amd64_88e1f90c6b221b8e\B369439\atiumd64.dll
0x00007ffe6ad80000 - 0x00007ffe6af1a000 	C:\windows\System32\ole32.dll
0x0000000058bb0000 - 0x0000000059a7b000 	C:\windows\System32\DriverStore\FileRepository\u0369631.inf_amd64_88e1f90c6b221b8e\B369439\atiumd6a.dll
0x00007ffe682c0000 - 0x00007ffe6830d000 	C:\windows\SYSTEM32\POWRPROF.dll
0x00007ffe68230000 - 0x00007ffe68243000 	C:\windows\SYSTEM32\UMPDC.dll
0x00007ffe5a540000 - 0x00007ffe5a570000 	C:\windows\SYSTEM32\amdihk64.dll
0x00007ffe62ac0000 - 0x00007ffe62b04000 	C:\windows\SYSTEM32\directxdatabasehelper.dll
0x00007ffe662f0000 - 0x00007ffe66324000 	C:\windows\SYSTEM32\ntmarta.dll
0x00007ffe55c70000 - 0x00007ffe55cb5000 	C:\Program Files\Zulu\zulu-17\bin\glass.dll
0x00007ffe69510000 - 0x00007ffe695fc000 	C:\windows\System32\COMDLG32.dll
0x00007ffe69fc0000 - 0x00007ffe6a096000 	C:\windows\System32\OLEAUT32.dll
0x00007ffe69d50000 - 0x00007ffe69e6e000 	C:\windows\System32\MSCTF.dll
0x00007ffdfb340000 - 0x00007ffdff106000 	C:\Program Files\Zulu\zulu-17\bin\jfxwebkit.dll
0x00007ffe68110000 - 0x00007ffe68128000 	C:\windows\SYSTEM32\CRYPTSP.dll
0x00007ffe67990000 - 0x00007ffe679c5000 	C:\windows\system32\rsaenh.dll
0x00007ffe68130000 - 0x00007ffe6813c000 	C:\windows\SYSTEM32\CRYPTBASE.dll
0x00007ffe62930000 - 0x00007ffe62944000 	C:\Program Files\Zulu\zulu-17\bin\javafx_font.dll
0x00007ffe40480000 - 0x00007ffe406df000 	C:\windows\SYSTEM32\dwrite.dll
0x00007ffe67fc0000 - 0x00007ffe67fe9000 	C:\windows\SYSTEM32\USERENV.dll
0x00007ffe68310000 - 0x00007ffe68337000 	C:\windows\SYSTEM32\bcrypt.dll
0x00007ffe67560000 - 0x00007ffe6758d000 	C:\windows\SYSTEM32\IPHLPAPI.DLL
0x00007ffe69620000 - 0x00007ffe69629000 	C:\windows\System32\NSI.dll
0x00007ffe62e00000 - 0x00007ffe62e19000 	C:\windows\SYSTEM32\dhcpcsvc6.DLL
0x00007ffe63490000 - 0x00007ffe634ae000 	C:\windows\SYSTEM32\dhcpcsvc.DLL
0x00007ffe67590000 - 0x00007ffe67677000 	C:\windows\SYSTEM32\DNSAPI.dll
0x00007ffe4d930000 - 0x00007ffe4d93d000 	C:\Program Files\Zulu\zulu-17\bin\sunmscapi.dll
0x00007ffe690d0000 - 0x00007ffe69232000 	C:\windows\System32\CRYPT32.dll
0x00007ffe68290000 - 0x00007ffe682b8000 	C:\windows\SYSTEM32\ncrypt.dll
0x00007ffe68250000 - 0x00007ffe68287000 	C:\windows\SYSTEM32\NTASN1.dll
0x00007ffe4c990000 - 0x00007ffe4c998000 	C:\windows\system32\wshunix.dll
0x00007ffe5e280000 - 0x00007ffe5e28a000 	C:\Windows\System32\rasadhlp.dll
0x00007ffe6acd0000 - 0x00007ffe6ad7f000 	C:\windows\System32\clbcatq.dll
0x00007ffe60680000 - 0x00007ffe6082e000 	C:\windows\SYSTEM32\WindowsCodecs.dll
0x00007ffe3f7a0000 - 0x00007ffe3f7fd000 	C:\windows\system32\dataexchange.dll

dbghelp: loaded successfully - version: 4.0.5 - missing functions: none
symbol engine: initialized successfully - sym options: 0x614 - pdb path: .;C:\Program Files\Zulu\zulu-17\bin;C:\windows\SYSTEM32;C:\windows\WinSxS\amd64_microsoft.windows.common-controls_6595b64144ccf1df_6.0.22000.120_none_9d947278b86cc467;C:\Program Files\Zulu\zulu-17\bin\server;C:\windows\System32\DriverStore\FileRepository\u0369631.inf_amd64_88e1f90c6b221b8e\B369439;C:\Program Files\Common Files\Microsoft Shared\Ink

VM Arguments:
jvm_args: --module-path=C:\javafx-sdk-17.0.2\lib --add-modules=javafx.controls,javafx.fxml,javafx.base,javafx.web --module-path=C:\javafx-sdk-17.0.2\lib --add-modules=javafx.controls,javafx.fxml,javafx.base,javafx.web -Dfile.encoding=windows-1251 -Duser.country=RU -Duser.language=ru -Duser.variant 
java_command: ru.robograde.browserjfx.Main
java_class_path (initial): C:\Users\myace\Documents\Browser-JFX-master\build\classes\java\main;C:\Users\myace\Documents\Browser-JFX-master\build\resources\main;C:\Users\myace\.gradle\caches\modules-2\files-2.1\org.openjfx\javafx-web\17\be4a308dbcc947af2a9d9c42a72fd7f6d0ba77b9\javafx-web-17-win.jar;C:\Users\myace\.gradle\caches\modules-2\files-2.1\org.openjfx\javafx-fxml\17\8d79ed85fa9dde644d4b37d93a02a2ef2818769\javafx-fxml-17-win.jar;C:\Users\myace\.gradle\caches\modules-2\files-2.1\org.openjfx\javafx-controls\17\efc0f4edde079c22987064922530c67fa1350a9b\javafx-controls-17-win.jar;C:\Users\myace\.gradle\caches\modules-2\files-2.1\org.openjfx\javafx-controls\17\7116001b777530c89e5c7381d39a2c9268f71e7e\javafx-controls-17.jar;C:\Users\myace\.gradle\caches\modules-2\files-2.1\org.openjfx\javafx-media\17\6012cc30ced1539f167b64959cb9d6a4283f7aa7\javafx-media-17-win.jar;C:\Users\myace\.gradle\caches\modules-2\files-2.1\org.openjfx\javafx-media\17\4d95015ecad2405a9b90482a201147b55a0165c6\javafx-media-17.jar;C:\Users\myace\.gradle\caches\modules-2\files-2.1\org.openjfx\javafx-graphics\17\2c56d252b97eba8b42f049c6ce145172d744ce08\javafx-graphics-17-win.jar;C:\Users\myace\.gradle\caches\modules-2\files-2.1\org.openjfx\javafx-graphics\17\616d987ba02a86196d7feca443677fff908d5737\javafx-graphics-17.jar;C:\Users\myace\.gradle\caches\modules-2\files-2.1\org.openjfx\javafx-base\17\b63b9696f73009ca5002f49ec4db73576e2de168\javafx-base-17-win.jar;C:\Users\myace\.gradle\caches\modules-2\files-2.1\org.openjfx\javafx-base\17\1e6732190939254735dc2a88eca88c5c7ccc719d\javafx-base-17.jar;C:\Users\myace\.gradle\caches\modules-2\files-2.1\org.controlsfx\controlsfx\11.1.0\4627258861ef68750b5fce11f8853d530cce6add\controlsfx-11.1.0.jar;C:\Users\myace\.gradle\caches\modules-2\files-2.1\com.dlsc.formsfx\formsfx-core\11.3.2\4dd940cfa93587bad3fee448d59f598eb734a081\formsfx-core-11.3.2.jar;C:\Users\myace\.gradle\caches\modules-2\files-2.1\net.synedra\validatorfx\0.1.13\a17a7329e35778dac0392f9ada0b12bd
Launcher Type: SUN_STANDARD

[Global flags]
     intx CICompilerCount                          = 4                                         {product} {ergonomic}
     uint ConcGCThreads                            = 3                                         {product} {ergonomic}
     uint G1ConcRefinementThreads                  = 10                                        {product} {ergonomic}
   size_t G1HeapRegionSize                         = 1048576                                   {product} {ergonomic}
    uintx GCDrainStackTargetSize                   = 64                                        {product} {ergonomic}
   size_t InitialHeapSize                          = 123731968                                 {product} {ergonomic}
   size_t MarkStackSize                            = 4194304                                   {product} {ergonomic}
   size_t MaxHeapSize                              = 1969225728                                {product} {ergonomic}
   size_t MaxNewSize                               = 1180696576                                {product} {ergonomic}
   size_t MinHeapDeltaBytes                        = 1048576                                   {product} {ergonomic}
   size_t MinHeapSize                              = 8388608                                   {product} {ergonomic}
    uintx NonNMethodCodeHeapSize                   = 5839372                                {pd product} {ergonomic}
    uintx NonProfiledCodeHeapSize                  = 122909434                              {pd product} {ergonomic}
    uintx ProfiledCodeHeapSize                     = 122909434                              {pd product} {ergonomic}
    uintx ReservedCodeCacheSize                    = 251658240                              {pd product} {ergonomic}
     bool SegmentedCodeCache                       = true                                      {product} {ergonomic}
   size_t SoftMaxHeapSize                          = 1969225728                             {manageable} {ergonomic}
     bool UseCompressedClassPointers               = true                           {product lp64_product} {ergonomic}
     bool UseCompressedOops                        = true                           {product lp64_product} {ergonomic}
     bool UseG1GC                                  = true                                      {product} {ergonomic}
     bool UseLargePagesIndividualAllocation        = false                                  {pd product} {ergonomic}

Logging:
Log output configuration:
 #0: stdout all=warning uptime,level,tags
 #1: stderr all=off uptime,level,tags

Environment Variables:
PATH=C:\Program Files\Zulu\zulu-17\bin\;C:\Program Files\Common Files\Oracle\Java\javapath;C:\ProgramData\Oracle\Java\javapath;C:\windows\system32;C:\windows;C:\windows\System32\Wbem;C:\windows\System32\WindowsPowerShell\v1.0\;C:\windows\System32\OpenSSH\;C:\Users\myace\.dnx\bin;C:\Program Files\Microsoft DNX\Dnvm\;C:\Program Files\dotnet\;C:\Program Files\Git\cmd;C:\Program Files\nodejs\;C:\Users\myace\AppData\Local\Microsoft\WindowsApps;C:\Users\myace\.dotnet\tools;C:\Users\myace\AppData\Local\atom\bin;C:\Users\myace\AppData\Local\Programs\Microsoft VS Code\bin;C:\Users\myace\AppData\Roaming\npm
USERNAME=myace
OS=Windows_NT
PROCESSOR_IDENTIFIER=AMD64 Family 23 Model 104 Stepping 1, AuthenticAMD



---------------  S Y S T E M  ---------------

OS:
 Windows 11 , 64 bit Build 22000 (10.0.22000.434)
OS uptime: 0 days 8:21 hours

CPU: total 12 (initial active 12) (12 cores per cpu, 2 threads per core) family 23 model 104 stepping 1 microcode 0x0, cx8, cmov, fxsr, ht, mmx, 3dnowpref, sse, sse2, sse3, ssse3, sse4a, sse4.1, sse4.2, popcnt, lzcnt, tsc, tscinvbit, avx, avx2, aes, clmul, bmi1, bmi2, adx, sha, fma, vzeroupper, clflush, clflushopt

Memory: 4k page, system-wide physical 7504M (1502M free)
TotalPageFile size 16720M (AvailPageFile size 4768M)
current process WorkingSet (physical memory assigned to process): 492M, peak: 498M
current process commit charge ("private bytes"): 544M, peak: 553M

vm_info: OpenJDK 64-Bit Server VM (17.0.2+8-LTS) for windows-amd64 JRE (17.0.2+8-LTS) (Zulu17.32+13-CA), built on Jan  8 2022 13:22:49 by "zulu_re" with MS VC++ 16.10 / 16.11 (VS2019)

END.
